TN:
SF:src/db_adapter.js
FN:20,(anonymous_0)
FN:30,(anonymous_1)
FN:40,(anonymous_2)
FN:50,(anonymous_3)
FN:60,(anonymous_4)
FN:70,(anonymous_5)
FNF:6
FNH:0
FNDA:0,(anonymous_0)
FNDA:0,(anonymous_1)
FNDA:0,(anonymous_2)
FNDA:0,(anonymous_3)
FNDA:0,(anonymous_4)
FNDA:0,(anonymous_5)
DA:10,6
DA:20,6
DA:21,0
DA:30,6
DA:31,0
DA:40,6
DA:41,0
DA:50,6
DA:51,0
DA:60,6
DA:61,0
DA:70,6
DA:71,0
LF:13
LH:7
BRF:0
BRH:0
end_of_record
TN:
SF:src/adapters/DatabaseAdapter.js
FN:6,(anonymous_0)
FN:17,(anonymous_1)
FN:26,(anonymous_2)
FN:35,(anonymous_3)
FN:44,(anonymous_4)
FN:53,(anonymous_5)
FN:62,(anonymous_6)
FNF:7
FNH:1
FNDA:6,(anonymous_0)
FNDA:0,(anonymous_1)
FNDA:0,(anonymous_2)
FNDA:0,(anonymous_3)
FNDA:0,(anonymous_4)
FNDA:0,(anonymous_5)
FNDA:0,(anonymous_6)
DA:7,6
DA:8,0
DA:18,0
DA:27,0
DA:36,0
DA:45,0
DA:54,0
DA:63,0
LF:8
LH:1
BRDA:7,0,0,0
BRDA:7,0,1,6
BRF:2
BRH:1
end_of_record
TN:
SF:src/adapters/DatabaseFactory.js
FN:13,(anonymous_0)
FNF:1
FNH:1
FNDA:6,(anonymous_0)
DA:14,6
DA:16,6
DA:19,0
DA:21,0
LF:4
LH:2
BRDA:13,0,0,0
BRDA:14,1,0,6
BRDA:14,1,1,0
BRDA:14,1,2,0
BRF:4
BRH:1
end_of_record
TN:
SF:src/adapters/MongoDBAdapter.js
FN:8,(anonymous_0)
FN:16,(anonymous_1)
FN:32,(anonymous_2)
FN:44,(anonymous_3)
FN:70,(anonymous_4)
FN:83,(anonymous_5)
FN:100,(anonymous_6)
FNF:7
FNH:1
FNDA:6,(anonymous_0)
FNDA:0,(anonymous_1)
FNDA:0,(anonymous_2)
FNDA:0,(anonymous_3)
FNDA:0,(anonymous_4)
FNDA:0,(anonymous_5)
FNDA:0,(anonymous_6)
DA:9,6
DA:10,6
DA:17,0
DA:25,0
DA:26,0
DA:33,0
DA:34,0
DA:35,0
DA:37,0
DA:45,0
DA:60,0
DA:61,0
DA:63,0
DA:71,0
DA:72,0
DA:77,0
DA:84,0
DA:85,0
DA:94,0
DA:101,0
DA:102,0
DA:111,0
LF:22
LH:2
BRDA:34,0,0,0
BRDA:34,0,1,0
BRDA:60,1,0,0
BRDA:60,1,1,0
BRF:4
BRH:0
end_of_record
TN:
SF:src/adapters/PostgreSQLAdapter.js
FNF:0
FNH:0
LF:0
LH:0
BRF:0
BRH:0
end_of_record
TN:
SF:src/adapters/index.js
FNF:0
FNH:0
LF:0
LH:0
BRF:0
BRH:0
end_of_record
TN:
SF:src/authentication/jwt.js
FN:3,(anonymous_0)
FN:19,(anonymous_1)
FNF:2
FNH:2
FNDA:2,(anonymous_0)
FNDA:8,(anonymous_1)
DA:3,3
DA:4,2
DA:14,2
DA:19,3
DA:20,8
DA:21,8
DA:23,8
DA:24,3
DA:27,5
DA:28,5
DA:30,4
DA:31,4
DA:32,0
DA:33,0
DA:36,0
DA:43,0
DA:45,5
DA:46,5
LF:18
LH:14
BRDA:23,0,0,3
BRDA:23,0,1,5
BRDA:23,1,0,8
BRDA:23,1,1,7
BRDA:32,2,0,0
BRDA:32,2,1,0
BRF:6
BRH:4
end_of_record
TN:
SF:src/authentication/validateOtp.js
FN:4,(anonymous_0)
FNF:1
FNH:1
FNDA:8,(anonymous_0)
DA:4,3
DA:6,8
DA:7,8
DA:8,8
DA:9,7
DA:10,7
DA:11,7
DA:12,1
DA:16,6
DA:17,5
DA:18,5
DA:19,5
DA:20,1
DA:21,4
DA:22,1
DA:23,3
DA:24,3
DA:26,2
LF:18
LH:18
BRDA:11,0,0,1
BRDA:11,0,1,6
BRDA:19,1,0,1
BRDA:19,1,1,4
BRDA:21,2,0,1
BRDA:21,2,1,3
BRF:6
BRH:6
end_of_record
TN:
SF:src/authentication/validateTotp.js
FN:9,(anonymous_0)
FNF:1
FNH:0
FNDA:0,(anonymous_0)
DA:9,3
DA:10,0
DA:11,0
DA:12,0
DA:13,0
DA:14,0
DA:15,0
DA:16,0
DA:17,0
DA:18,0
DA:19,0
DA:20,0
DA:21,0
DA:22,0
DA:25,0
DA:28,0
DA:29,0
LF:17
LH:1
BRDA:14,0,0,0
BRDA:14,0,1,0
BRDA:21,1,0,0
BRDA:21,1,1,0
BRF:4
BRH:0
end_of_record
TN:
SF:src/controller/invite.js
FN:8,(anonymous_0)
FN:12,(anonymous_1)
FN:18,(anonymous_2)
FN:26,(anonymous_3)
FNF:4
FNH:1
FNDA:0,(anonymous_0)
FNDA:0,(anonymous_1)
FNDA:0,(anonymous_2)
FNDA:1,(anonymous_3)
DA:8,1
DA:9,0
DA:12,1
DA:13,0
DA:15,0
DA:18,1
DA:19,0
DA:20,0
DA:21,0
DA:22,0
DA:26,1
DA:27,1
DA:28,1
DA:29,1
DA:30,1
DA:31,1
DA:32,1
DA:33,1
DA:34,1
DA:35,1
DA:38,0
DA:41,0
DA:42,0
DA:43,0
DA:45,0
DA:46,0
DA:47,0
DA:50,0
DA:56,0
DA:57,0
DA:58,0
DA:59,0
DA:61,0
DA:62,0
DA:64,0
DA:66,0
DA:67,0
LF:37
LH:13
BRDA:32,0,0,1
BRDA:32,0,1,0
BRDA:34,1,0,1
BRDA:34,1,1,0
BRDA:42,2,0,0
BRDA:42,2,1,0
BRF:6
BRH:2
end_of_record
TN:
SF:src/controller/invitedSignup.js
FN:31,(anonymous_0)
FN:36,(anonymous_1)
FN:118,(anonymous_2)
FN:144,(anonymous_3)
FN:168,(anonymous_4)
FNF:5
FNH:4
FNDA:3,(anonymous_0)
FNDA:3,(anonymous_1)
FNDA:1,(anonymous_2)
FNDA:1,(anonymous_3)
FNDA:0,(anonymous_4)
DA:24,1
DA:31,3
DA:36,1
DA:37,3
DA:45,3
DA:46,3
DA:53,3
DA:54,3
DA:55,3
DA:61,0
DA:62,0
DA:63,0
DA:67,0
DA:68,0
DA:73,0
DA:75,0
DA:77,0
DA:86,0
DA:88,0
DA:89,0
DA:92,0
DA:93,0
DA:94,0
DA:95,0
DA:99,0
DA:100,0
DA:101,0
DA:102,0
DA:105,0
DA:106,0
DA:110,0
DA:111,0
DA:118,1
DA:119,1
DA:120,1
DA:121,1
DA:122,1
DA:123,1
DA:124,0
DA:128,0
DA:129,0
DA:130,0
DA:138,1
DA:139,1
DA:144,1
DA:145,1
DA:146,1
DA:147,1
DA:148,1
DA:149,0
DA:150,0
DA:152,0
DA:158,1
DA:163,0
DA:164,0
DA:168,1
DA:169,0
DA:170,0
DA:171,0
LF:59
LH:24
BRDA:53,0,0,3
BRDA:53,0,1,0
BRDA:57,1,0,3
BRDA:57,1,1,0
BRDA:62,2,0,0
BRDA:62,2,1,0
BRDA:67,3,0,0
BRDA:67,3,1,0
BRDA:73,4,0,0
BRDA:73,4,1,0
BRDA:92,5,0,0
BRDA:92,5,1,0
BRDA:99,6,0,0
BRDA:99,6,1,0
BRDA:148,7,0,0
BRDA:148,7,1,1
BRF:16
BRH:3
end_of_record
TN:
SF:src/controller/login.js
FN:17,(anonymous_0)
FN:29,(anonymous_1)
FNF:2
FNH:1
FNDA:0,(anonymous_0)
FNDA:2,(anonymous_1)
DA:12,1
DA:17,1
DA:18,0
DA:19,0
DA:20,0
DA:21,0
DA:24,0
DA:29,1
DA:30,2
DA:31,2
DA:33,2
DA:34,2
DA:35,2
DA:37,0
DA:40,0
DA:41,0
DA:43,0
DA:44,0
DA:45,0
DA:47,0
DA:48,0
DA:50,0
DA:51,0
DA:52,0
DA:54,0
DA:62,0
DA:64,0
DA:65,0
DA:67,0
DA:68,0
DA:71,0
DA:72,0
DA:76,0
DA:77,0
LF:34
LH:8
BRDA:19,0,0,0
BRDA:19,0,1,0
BRDA:34,1,0,2
BRDA:34,1,1,0
BRDA:40,2,0,0
BRDA:40,2,1,0
BRDA:44,3,0,0
BRDA:44,3,1,0
BRDA:47,4,0,0
BRDA:47,4,1,0
BRDA:51,5,0,0
BRDA:51,5,1,0
BRDA:67,6,0,0
BRDA:67,6,1,0
BRDA:71,7,0,0
BRDA:71,7,1,0
BRF:16
BRH:1
end_of_record
TN:
SF:src/controller/revoke.js
FNF:0
FNH:0
LF:0
LH:0
BRF:0
BRH:0
end_of_record
TN:
SF:src/controller/showinvites.js
FN:4,(anonymous_0)
FNF:1
FNH:0
FNDA:0,(anonymous_0)
DA:4,1
DA:5,0
DA:6,0
DA:7,0
DA:8,0
DA:9,0
LF:6
LH:1
BRF:0
BRH:0
end_of_record
TN:
SF:src/db/db-connection.js
FN:3,(anonymous_0)
FNF:1
FNH:0
FNDA:0,(anonymous_0)
DA:3,0
DA:4,0
DA:5,0
DA:6,0
DA:7,0
DA:8,0
DA:10,0
LF:7
LH:0
BRF:0
BRH:0
end_of_record
TN:
SF:src/middleware/inviteValidateAuthorization.js
FN:4,(anonymous_0)
FNF:1
FNH:1
FNDA:28,(anonymous_0)
DA:4,1
DA:5,28
DA:6,28
DA:7,28
DA:8,2
DA:10,26
DA:11,5
DA:12,3
DA:13,3
DA:16,2
DA:19,21
DA:20,5
DA:21,2
DA:22,2
DA:25,3
DA:28,16
DA:29,5
DA:30,1
DA:31,1
DA:34,4
DA:37,11
DA:38,5
DA:39,1
DA:40,1
DA:42,4
DA:45,6
DA:46,5
LF:27
LH:27
BRDA:6,0,0,28
BRDA:6,0,1,0
BRDA:7,1,0,2
BRDA:7,1,1,26
BRDA:7,2,0,28
BRDA:7,2,1,27
BRDA:10,3,0,5
BRDA:10,3,1,21
BRDA:11,4,0,3
BRDA:11,4,1,2
BRDA:11,5,0,5
BRDA:11,5,1,4
BRDA:11,5,2,3
BRDA:19,6,0,5
BRDA:19,6,1,16
BRDA:20,7,0,2
BRDA:20,7,1,3
BRDA:20,8,0,5
BRDA:20,8,1,4
BRDA:28,9,0,5
BRDA:28,9,1,11
BRDA:29,10,0,1
BRDA:29,10,1,4
BRDA:37,11,0,5
BRDA:37,11,1,6
BRDA:38,12,0,1
BRDA:38,12,1,4
BRDA:45,13,0,5
BRDA:45,13,1,1
BRF:29
BRH:28
end_of_record
TN:
SF:src/middleware/inviteValidatePayload.js
FN:11,(anonymous_0)
FNF:1
FNH:1
FNDA:12,(anonymous_0)
DA:4,1
DA:6,1
DA:11,1
DA:12,12
DA:13,12
DA:14,12
DA:15,5
DA:16,5
DA:19,7
DA:20,7
LF:10
LH:10
BRDA:14,0,0,5
BRDA:14,0,1,7
BRDA:15,1,0,5
BRDA:15,1,1,0
BRDA:15,1,2,0
BRF:5
BRH:3
end_of_record
TN:
SF:src/rabbitmq/producer.js
FN:4,(anonymous_0)
FNF:1
FNH:0
FNDA:0,(anonymous_0)
DA:4,1
DA:5,0
DA:6,0
DA:8,0
DA:14,0
DA:15,0
DA:17,0
LF:7
LH:1
BRDA:14,0,0,0
BRDA:14,0,1,0
BRF:2
BRH:0
end_of_record
TN:
SF:src/rabbitmq/setup.js
FN:8,(anonymous_0)
FN:16,(anonymous_1)
FN:21,(anonymous_2)
FNF:3
FNH:0
FNDA:0,(anonymous_0)
FNDA:0,(anonymous_1)
FNDA:0,(anonymous_2)
DA:6,1
DA:8,1
DA:9,0
DA:10,0
DA:11,0
DA:13,0
DA:16,1
DA:17,0
DA:18,0
DA:21,1
LF:10
LH:4
BRDA:17,0,0,0
BRDA:17,0,1,0
BRF:2
BRH:0
end_of_record
TN:
SF:src/router/inviteRouter.js
FNF:0
FNH:0
DA:8,0
DA:17,0
DA:20,0
LF:3
LH:0
BRF:0
BRH:0
end_of_record
TN:
SF:src/router/userRouter.js
FNF:0
FNH:0
DA:4,0
DA:8,0
DA:11,0
DA:15,0
DA:18,0
DA:21,0
DA:24,0
LF:7
LH:0
BRF:0
BRH:0
end_of_record
TN:
SF:src/schema/userSchema.js
FN:55,(anonymous_0)
FNF:1
FNH:0
FNDA:0,(anonymous_0)
DA:4,7
DA:8,7
DA:55,0
DA:98,7
LF:4
LH:3
BRF:0
BRH:0
end_of_record
TN:
SF:src/utilitis/mail.js
FN:14,(anonymous_0)
FNF:1
FNH:0
FNDA:0,(anonymous_0)
DA:4,2
DA:14,2
DA:15,0
LF:3
LH:2
BRF:0
BRH:0
end_of_record
TN:
SF:src/utilitis/otp.js
FN:1,(anonymous_0)
FNF:1
FNH:1
FNDA:15,(anonymous_0)
DA:1,3
DA:2,15
LF:2
LH:2
BRF:0
BRH:0
end_of_record
TN:
SF:src/utilitis/redis.js
FN:9,(anonymous_0)
FN:11,(anonymous_1)
FNF:2
FNH:0
FNDA:0,(anonymous_0)
FNDA:0,(anonymous_1)
DA:3,3
DA:9,3
DA:10,0
DA:11,0
DA:12,0
DA:13,0
DA:15,0
LF:7
LH:2
BRF:0
BRH:0
end_of_record
TN:
SF:src/utilitis/totp.js
FN:4,(anonymous_0)
FN:16,(anonymous_1)
FN:24,(anonymous_2)
FNF:3
FNH:3
FNDA:3,(anonymous_0)
FNDA:3,(anonymous_1)
FNDA:6,(anonymous_2)
DA:4,4
DA:5,3
DA:10,3
DA:16,4
DA:17,3
DA:18,3
DA:20,1
DA:24,4
DA:25,6
LF:9
LH:9
BRF:0
BRH:0
end_of_record
