{"numFailedTestSuites":10,"numFailedTests":59,"numPassedTestSuites":3,"numPassedTests":73,"numPendingTestSuites":0,"numPendingTests":0,"numRuntimeErrorTestSuites":1,"numTodoTests":0,"numTotalTestSuites":13,"numTotalTests":132,"openHandles":[],"snapshot":{"added":0,"didUpdate":false,"failure":false,"filesAdded":0,"filesRemoved":0,"filesRemovedList":[],"filesUnmatched":0,"filesUpdated":0,"matched":0,"total":0,"unchecked":0,"uncheckedKeysByFile":[],"unmatched":0,"updated":0},"startTime":1761539780385,"success":false,"testResults":[{"assertionResults":[{"ancestorTitles":["Invited Signup Controller","invitedSignup"],"duration":25,"failing":false,"failureDetails":[],"failureMessages":[],"fullName":"Invited Signup Controller invitedSignup should return 403 for invalid username","invocations":1,"location":null,"numPassingAsserts":1,"retryReasons":[],"startAt":1761539780520,"status":"passed","title":"should return 403 for invalid username"},{"ancestorTitles":["Invited Signup Controller","invitedSignup"],"duration":2,"failing":false,"failureDetails":[],"failureMessages":[],"fullName":"Invited Signup Controller invitedSignup should return 403 for invalid email format","invocations":1,"location":null,"numPassingAsserts":1,"retryReasons":[],"startAt":1761539780546,"status":"passed","title":"should return 403 for invalid email format"},{"ancestorTitles":["Invited Signup Controller","invitedSignup"],"duration":1,"failing":false,"failureDetails":[],"failureMessages":[],"fullName":"Invited Signup Controller invitedSignup should return 403 for password mismatch","invocations":1,"location":null,"numPassingAsserts":1,"retryReasons":[],"startAt":1761539780548,"status":"passed","title":"should return 403 for password mismatch"},{"ancestorTitles":["Invited Signup Controller","invitedSignup"],"duration":0,"failing":false,"failureDetails":[{}],"failureMessages":["TypeError: isExistingUser.mockResolvedValue is not a function\n    at Object.<anonymous> (/Users/rohanboddupally/Desktop/MicroServices/user-management/src/__tests__/controllers/invitedSignup.test.js:92:22)\n    at Promise.finally.completed (/Users/rohanboddupally/Desktop/MicroServices/user-management/node_modules/jest-circus/build/jestAdapterInit.js:1557:28)\n    at new Promise (<anonymous>)\n    at callAsyncCircusFn (/Users/rohanboddupally/Desktop/MicroServices/user-management/node_modules/jest-circus/build/jestAdapterInit.js:1497:10)\n    at _callCircusTest (/Users/rohanboddupally/Desktop/MicroServices/user-management/node_modules/jest-circus/build/jestAdapterInit.js:1007:40)\n    at processTicksAndRejections (node:internal/process/task_queues:105:5)\n    at _runTest (/Users/rohanboddupally/Desktop/MicroServices/user-management/node_modules/jest-circus/build/jestAdapterInit.js:947:3)\n    at /Users/rohanboddupally/Desktop/MicroServices/user-management/node_modules/jest-circus/build/jestAdapterInit.js:849:7\n    at _runTestsForDescribeBlock (/Users/rohanboddupally/Desktop/MicroServices/user-management/node_modules/jest-circus/build/jestAdapterInit.js:862:11)\n    at _runTestsForDescribeBlock (/Users/rohanboddupally/Desktop/MicroServices/user-management/node_modules/jest-circus/build/jestAdapterInit.js:857:11)\n    at _runTestsForDescribeBlock (/Users/rohanboddupally/Desktop/MicroServices/user-management/node_modules/jest-circus/build/jestAdapterInit.js:857:11)\n    at run (/Users/rohanboddupally/Desktop/MicroServices/user-management/node_modules/jest-circus/build/jestAdapterInit.js:761:3)\n    at runAndTransformResultsToJestFormat (/Users/rohanboddupally/Desktop/MicroServices/user-management/node_modules/jest-circus/build/jestAdapterInit.js:1918:21)\n    at jestAdapter (/Users/rohanboddupally/Desktop/MicroServices/user-management/node_modules/jest-circus/build/runner.js:101:19)\n    at runTestInternal (/Users/rohanboddupally/Desktop/MicroServices/user-management/node_modules/jest-runner/build/index.js:275:16)\n    at runTest (/Users/rohanboddupally/Desktop/MicroServices/user-management/node_modules/jest-runner/build/index.js:343:7)"],"fullName":"Invited Signup Controller invitedSignup should return 404 for non-invited user","invocations":1,"location":null,"numPassingAsserts":0,"retryReasons":[],"startAt":1761539780549,"status":"failed","title":"should return 404 for non-invited user"},{"ancestorTitles":["Invited Signup Controller","invitedSignup"],"duration":0,"failing":false,"failureDetails":[{}],"failureMessages":["TypeError: isExistingUser.mockResolvedValue is not a function\n    at Object.<anonymous> (/Users/rohanboddupally/Desktop/MicroServices/user-management/src/__tests__/controllers/invitedSignup.test.js:115:22)\n    at Promise.finally.completed (/Users/rohanboddupally/Desktop/MicroServices/user-management/node_modules/jest-circus/build/jestAdapterInit.js:1557:28)\n    at new Promise (<anonymous>)\n    at callAsyncCircusFn (/Users/rohanboddupally/Desktop/MicroServices/user-management/node_modules/jest-circus/build/jestAdapterInit.js:1497:10)\n    at _callCircusTest (/Users/rohanboddupally/Desktop/MicroServices/user-management/node_modules/jest-circus/build/jestAdapterInit.js:1007:40)\n    at processTicksAndRejections (node:internal/process/task_queues:105:5)\n    at _runTest (/Users/rohanboddupally/Desktop/MicroServices/user-management/node_modules/jest-circus/build/jestAdapterInit.js:947:3)\n    at /Users/rohanboddupally/Desktop/MicroServices/user-management/node_modules/jest-circus/build/jestAdapterInit.js:849:7\n    at _runTestsForDescribeBlock (/Users/rohanboddupally/Desktop/MicroServices/user-management/node_modules/jest-circus/build/jestAdapterInit.js:862:11)\n    at _runTestsForDescribeBlock (/Users/rohanboddupally/Desktop/MicroServices/user-management/node_modules/jest-circus/build/jestAdapterInit.js:857:11)\n    at _runTestsForDescribeBlock (/Users/rohanboddupally/Desktop/MicroServices/user-management/node_modules/jest-circus/build/jestAdapterInit.js:857:11)\n    at run (/Users/rohanboddupally/Desktop/MicroServices/user-management/node_modules/jest-circus/build/jestAdapterInit.js:761:3)\n    at runAndTransformResultsToJestFormat (/Users/rohanboddupally/Desktop/MicroServices/user-management/node_modules/jest-circus/build/jestAdapterInit.js:1918:21)\n    at jestAdapter (/Users/rohanboddupally/Desktop/MicroServices/user-management/node_modules/jest-circus/build/runner.js:101:19)\n    at runTestInternal (/Users/rohanboddupally/Desktop/MicroServices/user-management/node_modules/jest-runner/build/index.js:275:16)\n    at runTest (/Users/rohanboddupally/Desktop/MicroServices/user-management/node_modules/jest-runner/build/index.js:343:7)"],"fullName":"Invited Signup Controller invitedSignup should return 400 for already verified user","invocations":1,"location":null,"numPassingAsserts":0,"retryReasons":[],"startAt":1761539780550,"status":"failed","title":"should return 400 for already verified user"},{"ancestorTitles":["Invited Signup Controller","invitedSignup"],"duration":0,"failing":false,"failureDetails":[{}],"failureMessages":["TypeError: isExistingUser.mockResolvedValue is not a function\n    at Object.<anonymous> (/Users/rohanboddupally/Desktop/MicroServices/user-management/src/__tests__/controllers/invitedSignup.test.js:138:22)\n    at Promise.finally.completed (/Users/rohanboddupally/Desktop/MicroServices/user-management/node_modules/jest-circus/build/jestAdapterInit.js:1557:28)\n    at new Promise (<anonymous>)\n    at callAsyncCircusFn (/Users/rohanboddupally/Desktop/MicroServices/user-management/node_modules/jest-circus/build/jestAdapterInit.js:1497:10)\n    at _callCircusTest (/Users/rohanboddupally/Desktop/MicroServices/user-management/node_modules/jest-circus/build/jestAdapterInit.js:1007:40)\n    at processTicksAndRejections (node:internal/process/task_queues:105:5)\n    at _runTest (/Users/rohanboddupally/Desktop/MicroServices/user-management/node_modules/jest-circus/build/jestAdapterInit.js:947:3)\n    at /Users/rohanboddupally/Desktop/MicroServices/user-management/node_modules/jest-circus/build/jestAdapterInit.js:849:7\n    at _runTestsForDescribeBlock (/Users/rohanboddupally/Desktop/MicroServices/user-management/node_modules/jest-circus/build/jestAdapterInit.js:862:11)\n    at _runTestsForDescribeBlock (/Users/rohanboddupally/Desktop/MicroServices/user-management/node_modules/jest-circus/build/jestAdapterInit.js:857:11)\n    at _runTestsForDescribeBlock (/Users/rohanboddupally/Desktop/MicroServices/user-management/node_modules/jest-circus/build/jestAdapterInit.js:857:11)\n    at run (/Users/rohanboddupally/Desktop/MicroServices/user-management/node_modules/jest-circus/build/jestAdapterInit.js:761:3)\n    at runAndTransformResultsToJestFormat (/Users/rohanboddupally/Desktop/MicroServices/user-management/node_modules/jest-circus/build/jestAdapterInit.js:1918:21)\n    at jestAdapter (/Users/rohanboddupally/Desktop/MicroServices/user-management/node_modules/jest-circus/build/runner.js:101:19)\n    at runTestInternal (/Users/rohanboddupally/Desktop/MicroServices/user-management/node_modules/jest-runner/build/index.js:275:16)\n    at runTest (/Users/rohanboddupally/Desktop/MicroServices/user-management/node_modules/jest-runner/build/index.js:343:7)"],"fullName":"Invited Signup Controller invitedSignup should handle OTP verification preference","invocations":1,"location":null,"numPassingAsserts":0,"retryReasons":[],"startAt":1761539780550,"status":"failed","title":"should handle OTP verification preference"},{"ancestorTitles":["Invited Signup Controller","invitedSignup"],"duration":0,"failing":false,"failureDetails":[{}],"failureMessages":["TypeError: isExistingUser.mockResolvedValue is not a function\n    at Object.<anonymous> (/Users/rohanboddupally/Desktop/MicroServices/user-management/src/__tests__/controllers/invitedSignup.test.js:167:22)\n    at Promise.finally.completed (/Users/rohanboddupally/Desktop/MicroServices/user-management/node_modules/jest-circus/build/jestAdapterInit.js:1557:28)\n    at new Promise (<anonymous>)\n    at callAsyncCircusFn (/Users/rohanboddupally/Desktop/MicroServices/user-management/node_modules/jest-circus/build/jestAdapterInit.js:1497:10)\n    at _callCircusTest (/Users/rohanboddupally/Desktop/MicroServices/user-management/node_modules/jest-circus/build/jestAdapterInit.js:1007:40)\n    at processTicksAndRejections (node:internal/process/task_queues:105:5)\n    at _runTest (/Users/rohanboddupally/Desktop/MicroServices/user-management/node_modules/jest-circus/build/jestAdapterInit.js:947:3)\n    at /Users/rohanboddupally/Desktop/MicroServices/user-management/node_modules/jest-circus/build/jestAdapterInit.js:849:7\n    at _runTestsForDescribeBlock (/Users/rohanboddupally/Desktop/MicroServices/user-management/node_modules/jest-circus/build/jestAdapterInit.js:862:11)\n    at _runTestsForDescribeBlock (/Users/rohanboddupally/Desktop/MicroServices/user-management/node_modules/jest-circus/build/jestAdapterInit.js:857:11)\n    at _runTestsForDescribeBlock (/Users/rohanboddupally/Desktop/MicroServices/user-management/node_modules/jest-circus/build/jestAdapterInit.js:857:11)\n    at run (/Users/rohanboddupally/Desktop/MicroServices/user-management/node_modules/jest-circus/build/jestAdapterInit.js:761:3)\n    at runAndTransformResultsToJestFormat (/Users/rohanboddupally/Desktop/MicroServices/user-management/node_modules/jest-circus/build/jestAdapterInit.js:1918:21)\n    at jestAdapter (/Users/rohanboddupally/Desktop/MicroServices/user-management/node_modules/jest-circus/build/runner.js:101:19)\n    at runTestInternal (/Users/rohanboddupally/Desktop/MicroServices/user-management/node_modules/jest-runner/build/index.js:275:16)\n    at runTest (/Users/rohanboddupally/Desktop/MicroServices/user-management/node_modules/jest-runner/build/index.js:343:7)"],"fullName":"Invited Signup Controller invitedSignup should handle TOTP verification preference","invocations":1,"location":null,"numPassingAsserts":0,"retryReasons":[],"startAt":1761539780551,"status":"failed","title":"should handle TOTP verification preference"},{"ancestorTitles":["Invited Signup Controller","invitedSignup"],"duration":0,"failing":false,"failureDetails":[{}],"failureMessages":["TypeError: isExistingUser.mockRejectedValue is not a function\n    at Object.<anonymous> (/Users/rohanboddupally/Desktop/MicroServices/user-management/src/__tests__/controllers/invitedSignup.test.js:195:22)\n    at Promise.finally.completed (/Users/rohanboddupally/Desktop/MicroServices/user-management/node_modules/jest-circus/build/jestAdapterInit.js:1557:28)\n    at new Promise (<anonymous>)\n    at callAsyncCircusFn (/Users/rohanboddupally/Desktop/MicroServices/user-management/node_modules/jest-circus/build/jestAdapterInit.js:1497:10)\n    at _callCircusTest (/Users/rohanboddupally/Desktop/MicroServices/user-management/node_modules/jest-circus/build/jestAdapterInit.js:1007:40)\n    at processTicksAndRejections (node:internal/process/task_queues:105:5)\n    at _runTest (/Users/rohanboddupally/Desktop/MicroServices/user-management/node_modules/jest-circus/build/jestAdapterInit.js:947:3)\n    at /Users/rohanboddupally/Desktop/MicroServices/user-management/node_modules/jest-circus/build/jestAdapterInit.js:849:7\n    at _runTestsForDescribeBlock (/Users/rohanboddupally/Desktop/MicroServices/user-management/node_modules/jest-circus/build/jestAdapterInit.js:862:11)\n    at _runTestsForDescribeBlock (/Users/rohanboddupally/Desktop/MicroServices/user-management/node_modules/jest-circus/build/jestAdapterInit.js:857:11)\n    at _runTestsForDescribeBlock (/Users/rohanboddupally/Desktop/MicroServices/user-management/node_modules/jest-circus/build/jestAdapterInit.js:857:11)\n    at run (/Users/rohanboddupally/Desktop/MicroServices/user-management/node_modules/jest-circus/build/jestAdapterInit.js:761:3)\n    at runAndTransformResultsToJestFormat (/Users/rohanboddupally/Desktop/MicroServices/user-management/node_modules/jest-circus/build/jestAdapterInit.js:1918:21)\n    at jestAdapter (/Users/rohanboddupally/Desktop/MicroServices/user-management/node_modules/jest-circus/build/runner.js:101:19)\n    at runTestInternal (/Users/rohanboddupally/Desktop/MicroServices/user-management/node_modules/jest-runner/build/index.js:275:16)\n    at runTest (/Users/rohanboddupally/Desktop/MicroServices/user-management/node_modules/jest-runner/build/index.js:343:7)"],"fullName":"Invited Signup Controller invitedSignup should handle internal server errors","invocations":1,"location":null,"numPassingAsserts":0,"retryReasons":[],"startAt":1761539780551,"status":"failed","title":"should handle internal server errors"},{"ancestorTitles":["Invited Signup Controller","otpsignup"],"duration":0,"failing":false,"failureDetails":[{}],"failureMessages":["TypeError: invitedUserSignup.mockResolvedValue is not a function\n    at Object.<anonymous> (/Users/rohanboddupally/Desktop/MicroServices/user-management/src/__tests__/controllers/invitedSignup.test.js:219:25)\n    at Promise.finally.completed (/Users/rohanboddupally/Desktop/MicroServices/user-management/node_modules/jest-circus/build/jestAdapterInit.js:1557:28)\n    at new Promise (<anonymous>)\n    at callAsyncCircusFn (/Users/rohanboddupally/Desktop/MicroServices/user-management/node_modules/jest-circus/build/jestAdapterInit.js:1497:10)\n    at _callCircusTest (/Users/rohanboddupally/Desktop/MicroServices/user-management/node_modules/jest-circus/build/jestAdapterInit.js:1007:40)\n    at processTicksAndRejections (node:internal/process/task_queues:105:5)\n    at _runTest (/Users/rohanboddupally/Desktop/MicroServices/user-management/node_modules/jest-circus/build/jestAdapterInit.js:947:3)\n    at /Users/rohanboddupally/Desktop/MicroServices/user-management/node_modules/jest-circus/build/jestAdapterInit.js:849:7\n    at _runTestsForDescribeBlock (/Users/rohanboddupally/Desktop/MicroServices/user-management/node_modules/jest-circus/build/jestAdapterInit.js:862:11)\n    at _runTestsForDescribeBlock (/Users/rohanboddupally/Desktop/MicroServices/user-management/node_modules/jest-circus/build/jestAdapterInit.js:857:11)\n    at _runTestsForDescribeBlock (/Users/rohanboddupally/Desktop/MicroServices/user-management/node_modules/jest-circus/build/jestAdapterInit.js:857:11)\n    at run (/Users/rohanboddupally/Desktop/MicroServices/user-management/node_modules/jest-circus/build/jestAdapterInit.js:761:3)\n    at runAndTransformResultsToJestFormat (/Users/rohanboddupally/Desktop/MicroServices/user-management/node_modules/jest-circus/build/jestAdapterInit.js:1918:21)\n    at jestAdapter (/Users/rohanboddupally/Desktop/MicroServices/user-management/node_modules/jest-circus/build/runner.js:101:19)\n    at runTestInternal (/Users/rohanboddupally/Desktop/MicroServices/user-management/node_modules/jest-runner/build/index.js:275:16)\n    at runTest (/Users/rohanboddupally/Desktop/MicroServices/user-management/node_modules/jest-runner/build/index.js:343:7)"],"fullName":"Invited Signup Controller otpsignup should complete OTP signup successfully","invocations":1,"location":null,"numPassingAsserts":0,"retryReasons":[],"startAt":1761539780553,"status":"failed","title":"should complete OTP signup successfully"},{"ancestorTitles":["Invited Signup Controller","otpsignup"],"duration":2,"failing":false,"failureDetails":[],"failureMessages":[],"fullName":"Invited Signup Controller otpsignup should handle signup failures","invocations":1,"location":null,"numPassingAsserts":2,"retryReasons":[],"startAt":1761539780553,"status":"passed","title":"should handle signup failures"},{"ancestorTitles":["Invited Signup Controller","totpsignup"],"duration":0,"failing":false,"failureDetails":[{}],"failureMessages":["TypeError: generateToken.mockReturnValue is not a function\n    at Object.<anonymous> (/Users/rohanboddupally/Desktop/MicroServices/user-management/src/__tests__/controllers/invitedSignup.test.js:269:21)\n    at Promise.finally.completed (/Users/rohanboddupally/Desktop/MicroServices/user-management/node_modules/jest-circus/build/jestAdapterInit.js:1557:28)\n    at new Promise (<anonymous>)\n    at callAsyncCircusFn (/Users/rohanboddupally/Desktop/MicroServices/user-management/node_modules/jest-circus/build/jestAdapterInit.js:1497:10)\n    at _callCircusTest (/Users/rohanboddupally/Desktop/MicroServices/user-management/node_modules/jest-circus/build/jestAdapterInit.js:1007:40)\n    at processTicksAndRejections (node:internal/process/task_queues:105:5)\n    at _runTest (/Users/rohanboddupally/Desktop/MicroServices/user-management/node_modules/jest-circus/build/jestAdapterInit.js:947:3)\n    at /Users/rohanboddupally/Desktop/MicroServices/user-management/node_modules/jest-circus/build/jestAdapterInit.js:849:7\n    at _runTestsForDescribeBlock (/Users/rohanboddupally/Desktop/MicroServices/user-management/node_modules/jest-circus/build/jestAdapterInit.js:862:11)\n    at _runTestsForDescribeBlock (/Users/rohanboddupally/Desktop/MicroServices/user-management/node_modules/jest-circus/build/jestAdapterInit.js:857:11)\n    at _runTestsForDescribeBlock (/Users/rohanboddupally/Desktop/MicroServices/user-management/node_modules/jest-circus/build/jestAdapterInit.js:857:11)\n    at run (/Users/rohanboddupally/Desktop/MicroServices/user-management/node_modules/jest-circus/build/jestAdapterInit.js:761:3)\n    at runAndTransformResultsToJestFormat (/Users/rohanboddupally/Desktop/MicroServices/user-management/node_modules/jest-circus/build/jestAdapterInit.js:1918:21)\n    at jestAdapter (/Users/rohanboddupally/Desktop/MicroServices/user-management/node_modules/jest-circus/build/runner.js:101:19)\n    at runTestInternal (/Users/rohanboddupally/Desktop/MicroServices/user-management/node_modules/jest-runner/build/index.js:275:16)\n    at runTest (/Users/rohanboddupally/Desktop/MicroServices/user-management/node_modules/jest-runner/build/index.js:343:7)"],"fullName":"Invited Signup Controller totpsignup should complete TOTP signup successfully","invocations":1,"location":null,"numPassingAsserts":0,"retryReasons":[],"startAt":1761539780555,"status":"failed","title":"should complete TOTP signup successfully"},{"ancestorTitles":["Invited Signup Controller","totpsignup"],"duration":0,"failing":false,"failureDetails":[],"failureMessages":[],"fullName":"Invited Signup Controller totpsignup should return error for invalid TOTP","invocations":1,"location":null,"numPassingAsserts":2,"retryReasons":[],"startAt":1761539780556,"status":"passed","title":"should return error for invalid TOTP"},{"ancestorTitles":["Invited Signup Controller","totpsignup"],"duration":0,"failing":false,"failureDetails":[{}],"failureMessages":["TypeError: EnableTotp.mockRejectedValue is not a function\n    at Object.<anonymous> (/Users/rohanboddupally/Desktop/MicroServices/user-management/src/__tests__/controllers/invitedSignup.test.js:299:18)\n    at Promise.finally.completed (/Users/rohanboddupally/Desktop/MicroServices/user-management/node_modules/jest-circus/build/jestAdapterInit.js:1557:28)\n    at new Promise (<anonymous>)\n    at callAsyncCircusFn (/Users/rohanboddupally/Desktop/MicroServices/user-management/node_modules/jest-circus/build/jestAdapterInit.js:1497:10)\n    at _callCircusTest (/Users/rohanboddupally/Desktop/MicroServices/user-management/node_modules/jest-circus/build/jestAdapterInit.js:1007:40)\n    at processTicksAndRejections (node:internal/process/task_queues:105:5)\n    at _runTest (/Users/rohanboddupally/Desktop/MicroServices/user-management/node_modules/jest-circus/build/jestAdapterInit.js:947:3)\n    at /Users/rohanboddupally/Desktop/MicroServices/user-management/node_modules/jest-circus/build/jestAdapterInit.js:849:7\n    at _runTestsForDescribeBlock (/Users/rohanboddupally/Desktop/MicroServices/user-management/node_modules/jest-circus/build/jestAdapterInit.js:862:11)\n    at _runTestsForDescribeBlock (/Users/rohanboddupally/Desktop/MicroServices/user-management/node_modules/jest-circus/build/jestAdapterInit.js:857:11)\n    at _runTestsForDescribeBlock (/Users/rohanboddupally/Desktop/MicroServices/user-management/node_modules/jest-circus/build/jestAdapterInit.js:857:11)\n    at run (/Users/rohanboddupally/Desktop/MicroServices/user-management/node_modules/jest-circus/build/jestAdapterInit.js:761:3)\n    at runAndTransformResultsToJestFormat (/Users/rohanboddupally/Desktop/MicroServices/user-management/node_modules/jest-circus/build/jestAdapterInit.js:1918:21)\n    at jestAdapter (/Users/rohanboddupally/Desktop/MicroServices/user-management/node_modules/jest-circus/build/runner.js:101:19)\n    at runTestInternal (/Users/rohanboddupally/Desktop/MicroServices/user-management/node_modules/jest-runner/build/index.js:275:16)\n    at runTest (/Users/rohanboddupally/Desktop/MicroServices/user-management/node_modules/jest-runner/build/index.js:343:7)"],"fullName":"Invited Signup Controller totpsignup should handle internal server errors","invocations":1,"location":null,"numPassingAsserts":0,"retryReasons":[],"startAt":1761539780556,"status":"failed","title":"should handle internal server errors"}],"endTime":1761539780571,"message":"\u001b[1m\u001b[31m  \u001b[1m● \u001b[22m\u001b[1mInvited Signup Controller › invitedSignup › should return 404 for non-invited user\u001b[39m\u001b[22m\n\n    TypeError: isExistingUser.mockResolvedValue is not a function\n\u001b[2m\u001b[22m\n\u001b[2m    \u001b[0m \u001b[90m 90 |\u001b[39m         verification_preference\u001b[33m:\u001b[39m \u001b[32m'otp'\u001b[39m\u001b[22m\n\u001b[2m     \u001b[90m 91 |\u001b[39m       }\u001b[33m;\u001b[39m\u001b[22m\n\u001b[2m    \u001b[31m\u001b[1m>\u001b[22m\u001b[2m\u001b[39m\u001b[90m 92 |\u001b[39m       isExistingUser\u001b[33m.\u001b[39mmockResolvedValue(\u001b[36mfalse\u001b[39m)\u001b[33m;\u001b[39m\u001b[22m\n\u001b[2m     \u001b[90m    |\u001b[39m                      \u001b[31m\u001b[1m^\u001b[22m\u001b[2m\u001b[39m\u001b[22m\n\u001b[2m     \u001b[90m 93 |\u001b[39m\u001b[22m\n\u001b[2m     \u001b[90m 94 |\u001b[39m       \u001b[36mawait\u001b[39m invitedSignup(mockReq\u001b[33m,\u001b[39m mockRes)\u001b[33m;\u001b[39m\u001b[22m\n\u001b[2m     \u001b[90m 95 |\u001b[39m\u001b[0m\u001b[22m\n\u001b[2m\u001b[22m\n\u001b[2m      \u001b[2mat Object.<anonymous> (\u001b[22m\u001b[2m\u001b[0m\u001b[36msrc/__tests__/controllers/invitedSignup.test.js\u001b[39m\u001b[0m\u001b[2m:92:22)\u001b[22m\u001b[2m\u001b[22m\n\n\u001b[1m\u001b[31m  \u001b[1m● \u001b[22m\u001b[1mInvited Signup Controller › invitedSignup › should return 400 for already verified user\u001b[39m\u001b[22m\n\n    TypeError: isExistingUser.mockResolvedValue is not a function\n\u001b[2m\u001b[22m\n\u001b[2m    \u001b[0m \u001b[90m 113 |\u001b[39m         isVerified\u001b[33m:\u001b[39m \u001b[36mtrue\u001b[39m\u001b[22m\n\u001b[2m     \u001b[90m 114 |\u001b[39m       }\u001b[33m;\u001b[39m\u001b[22m\n\u001b[2m    \u001b[31m\u001b[1m>\u001b[22m\u001b[2m\u001b[39m\u001b[90m 115 |\u001b[39m       isExistingUser\u001b[33m.\u001b[39mmockResolvedValue(mockUser)\u001b[33m;\u001b[39m\u001b[22m\n\u001b[2m     \u001b[90m     |\u001b[39m                      \u001b[31m\u001b[1m^\u001b[22m\u001b[2m\u001b[39m\u001b[22m\n\u001b[2m     \u001b[90m 116 |\u001b[39m\u001b[22m\n\u001b[2m     \u001b[90m 117 |\u001b[39m       \u001b[36mawait\u001b[39m invitedSignup(mockReq\u001b[33m,\u001b[39m mockRes)\u001b[33m;\u001b[39m\u001b[22m\n\u001b[2m     \u001b[90m 118 |\u001b[39m\u001b[0m\u001b[22m\n\u001b[2m\u001b[22m\n\u001b[2m      \u001b[2mat Object.<anonymous> (\u001b[22m\u001b[2m\u001b[0m\u001b[36msrc/__tests__/controllers/invitedSignup.test.js\u001b[39m\u001b[0m\u001b[2m:115:22)\u001b[22m\u001b[2m\u001b[22m\n\n\u001b[1m\u001b[31m  \u001b[1m● \u001b[22m\u001b[1mInvited Signup Controller › invitedSignup › should handle OTP verification preference\u001b[39m\u001b[22m\n\n    TypeError: isExistingUser.mockResolvedValue is not a function\n\u001b[2m\u001b[22m\n\u001b[2m    \u001b[0m \u001b[90m 136 |\u001b[39m         isVerified\u001b[33m:\u001b[39m \u001b[36mfalse\u001b[39m\u001b[22m\n\u001b[2m     \u001b[90m 137 |\u001b[39m       }\u001b[33m;\u001b[39m\u001b[22m\n\u001b[2m    \u001b[31m\u001b[1m>\u001b[22m\u001b[2m\u001b[39m\u001b[90m 138 |\u001b[39m       isExistingUser\u001b[33m.\u001b[39mmockResolvedValue(mockUser)\u001b[33m;\u001b[39m\u001b[22m\n\u001b[2m     \u001b[90m     |\u001b[39m                      \u001b[31m\u001b[1m^\u001b[22m\u001b[2m\u001b[39m\u001b[22m\n\u001b[2m     \u001b[90m 139 |\u001b[39m       generateOTP\u001b[33m.\u001b[39mmockReturnValue(\u001b[32m'123456'\u001b[39m)\u001b[33m;\u001b[39m\u001b[22m\n\u001b[2m     \u001b[90m 140 |\u001b[39m       redis\u001b[33m.\u001b[39m\u001b[36mset\u001b[39m \u001b[33m=\u001b[39m jest\u001b[33m.\u001b[39mfn()\u001b[33m.\u001b[39mmockResolvedValue()\u001b[33m;\u001b[39m\u001b[22m\n\u001b[2m     \u001b[90m 141 |\u001b[39m       sendOtp\u001b[33m.\u001b[39mmockResolvedValue()\u001b[33m;\u001b[39m\u001b[0m\u001b[22m\n\u001b[2m\u001b[22m\n\u001b[2m      \u001b[2mat Object.<anonymous> (\u001b[22m\u001b[2m\u001b[0m\u001b[36msrc/__tests__/controllers/invitedSignup.test.js\u001b[39m\u001b[0m\u001b[2m:138:22)\u001b[22m\u001b[2m\u001b[22m\n\n\u001b[1m\u001b[31m  \u001b[1m● \u001b[22m\u001b[1mInvited Signup Controller › invitedSignup › should handle TOTP verification preference\u001b[39m\u001b[22m\n\n    TypeError: isExistingUser.mockResolvedValue is not a function\n\u001b[2m\u001b[22m\n\u001b[2m    \u001b[0m \u001b[90m 165 |\u001b[39m         isVerified\u001b[33m:\u001b[39m \u001b[36mfalse\u001b[39m\u001b[22m\n\u001b[2m     \u001b[90m 166 |\u001b[39m       }\u001b[33m;\u001b[39m\u001b[22m\n\u001b[2m    \u001b[31m\u001b[1m>\u001b[22m\u001b[2m\u001b[39m\u001b[90m 167 |\u001b[39m       isExistingUser\u001b[33m.\u001b[39mmockResolvedValue(mockUser)\u001b[33m;\u001b[39m\u001b[22m\n\u001b[2m     \u001b[90m     |\u001b[39m                      \u001b[31m\u001b[1m^\u001b[22m\u001b[2m\u001b[39m\u001b[22m\n\u001b[2m     \u001b[90m 168 |\u001b[39m       bcrypt\u001b[33m.\u001b[39mhash \u001b[33m=\u001b[39m jest\u001b[33m.\u001b[39mfn()\u001b[33m.\u001b[39mmockResolvedValue(\u001b[32m'hashedpassword'\u001b[39m)\u001b[33m;\u001b[39m\u001b[22m\n\u001b[2m     \u001b[90m 169 |\u001b[39m       invitedUserSignup\u001b[33m.\u001b[39mmockResolvedValue({ success\u001b[33m:\u001b[39m \u001b[36mtrue\u001b[39m })\u001b[33m;\u001b[39m\u001b[22m\n\u001b[2m     \u001b[90m 170 |\u001b[39m       \u001b[0m\u001b[22m\n\u001b[2m\u001b[22m\n\u001b[2m      \u001b[2mat Object.<anonymous> (\u001b[22m\u001b[2m\u001b[0m\u001b[36msrc/__tests__/controllers/invitedSignup.test.js\u001b[39m\u001b[0m\u001b[2m:167:22)\u001b[22m\u001b[2m\u001b[22m\n\n\u001b[1m\u001b[31m  \u001b[1m● \u001b[22m\u001b[1mInvited Signup Controller › invitedSignup › should handle internal server errors\u001b[39m\u001b[22m\n\n    TypeError: isExistingUser.mockRejectedValue is not a function\n\u001b[2m\u001b[22m\n\u001b[2m    \u001b[0m \u001b[90m 193 |\u001b[39m         verification_preference\u001b[33m:\u001b[39m \u001b[32m'otp'\u001b[39m\u001b[22m\n\u001b[2m     \u001b[90m 194 |\u001b[39m       }\u001b[33m;\u001b[39m\u001b[22m\n\u001b[2m    \u001b[31m\u001b[1m>\u001b[22m\u001b[2m\u001b[39m\u001b[90m 195 |\u001b[39m       isExistingUser\u001b[33m.\u001b[39mmockRejectedValue(\u001b[36mnew\u001b[39m \u001b[33mError\u001b[39m(\u001b[32m'Database error'\u001b[39m))\u001b[33m;\u001b[39m\u001b[22m\n\u001b[2m     \u001b[90m     |\u001b[39m                      \u001b[31m\u001b[1m^\u001b[22m\u001b[2m\u001b[39m\u001b[22m\n\u001b[2m     \u001b[90m 196 |\u001b[39m\u001b[22m\n\u001b[2m     \u001b[90m 197 |\u001b[39m       \u001b[36mawait\u001b[39m invitedSignup(mockReq\u001b[33m,\u001b[39m mockRes)\u001b[33m;\u001b[39m\u001b[22m\n\u001b[2m     \u001b[90m 198 |\u001b[39m\u001b[0m\u001b[22m\n\u001b[2m\u001b[22m\n\u001b[2m      \u001b[2mat Object.<anonymous> (\u001b[22m\u001b[2m\u001b[0m\u001b[36msrc/__tests__/controllers/invitedSignup.test.js\u001b[39m\u001b[0m\u001b[2m:195:22)\u001b[22m\u001b[2m\u001b[22m\n\n\u001b[1m\u001b[31m  \u001b[1m● \u001b[22m\u001b[1mInvited Signup Controller › otpsignup › should complete OTP signup successfully\u001b[39m\u001b[22m\n\n    TypeError: invitedUserSignup.mockResolvedValue is not a function\n\u001b[2m\u001b[22m\n\u001b[2m    \u001b[0m \u001b[90m 217 |\u001b[39m       \u001b[22m\n\u001b[2m     \u001b[90m 218 |\u001b[39m       bcrypt\u001b[33m.\u001b[39mhash \u001b[33m=\u001b[39m jest\u001b[33m.\u001b[39mfn()\u001b[33m.\u001b[39mmockResolvedValue(\u001b[32m'hashedpassword'\u001b[39m)\u001b[33m;\u001b[39m\u001b[22m\n\u001b[2m    \u001b[31m\u001b[1m>\u001b[22m\u001b[2m\u001b[39m\u001b[90m 219 |\u001b[39m       invitedUserSignup\u001b[33m.\u001b[39mmockResolvedValue({ success\u001b[33m:\u001b[39m \u001b[36mtrue\u001b[39m })\u001b[33m;\u001b[39m\u001b[22m\n\u001b[2m     \u001b[90m     |\u001b[39m                         \u001b[31m\u001b[1m^\u001b[22m\u001b[2m\u001b[39m\u001b[22m\n\u001b[2m     \u001b[90m 220 |\u001b[39m       generateToken\u001b[33m.\u001b[39mmockReturnValue(\u001b[32m'mock-jwt-token'\u001b[39m)\u001b[33m;\u001b[39m\u001b[22m\n\u001b[2m     \u001b[90m 221 |\u001b[39m       redis\u001b[33m.\u001b[39mdel \u001b[33m=\u001b[39m jest\u001b[33m.\u001b[39mfn()\u001b[33m.\u001b[39mmockResolvedValue()\u001b[33m;\u001b[39m\u001b[22m\n\u001b[2m     \u001b[90m 222 |\u001b[39m\u001b[0m\u001b[22m\n\u001b[2m\u001b[22m\n\u001b[2m      \u001b[2mat Object.<anonymous> (\u001b[22m\u001b[2m\u001b[0m\u001b[36msrc/__tests__/controllers/invitedSignup.test.js\u001b[39m\u001b[0m\u001b[2m:219:25)\u001b[22m\u001b[2m\u001b[22m\n\n\u001b[1m\u001b[31m  \u001b[1m● \u001b[22m\u001b[1mInvited Signup Controller › totpsignup › should complete TOTP signup successfully\u001b[39m\u001b[22m\n\n    TypeError: generateToken.mockReturnValue is not a function\n\u001b[2m\u001b[22m\n\u001b[2m    \u001b[0m \u001b[90m 267 |\u001b[39m       mockReq\u001b[33m.\u001b[39mverified \u001b[33m=\u001b[39m \u001b[36mtrue\u001b[39m\u001b[33m;\u001b[39m\u001b[22m\n\u001b[2m     \u001b[90m 268 |\u001b[39m       mockReq\u001b[33m.\u001b[39muser \u001b[33m=\u001b[39m { email\u001b[33m:\u001b[39m \u001b[32m'test@example.com'\u001b[39m }\u001b[33m;\u001b[39m\u001b[22m\n\u001b[2m    \u001b[31m\u001b[1m>\u001b[22m\u001b[2m\u001b[39m\u001b[90m 269 |\u001b[39m       generateToken\u001b[33m.\u001b[39mmockReturnValue(\u001b[32m'mock-jwt-token'\u001b[39m)\u001b[33m;\u001b[39m\u001b[22m\n\u001b[2m     \u001b[90m     |\u001b[39m                     \u001b[31m\u001b[1m^\u001b[22m\u001b[2m\u001b[39m\u001b[22m\n\u001b[2m     \u001b[90m 270 |\u001b[39m       \u001b[33mEnableTotp\u001b[39m\u001b[33m.\u001b[39mmockResolvedValue({ success\u001b[33m:\u001b[39m \u001b[36mtrue\u001b[39m })\u001b[33m;\u001b[39m\u001b[22m\n\u001b[2m     \u001b[90m 271 |\u001b[39m\u001b[22m\n\u001b[2m     \u001b[90m 272 |\u001b[39m       \u001b[36mawait\u001b[39m totpsignup(mockReq\u001b[33m,\u001b[39m mockRes)\u001b[33m;\u001b[39m\u001b[0m\u001b[22m\n\u001b[2m\u001b[22m\n\u001b[2m      \u001b[2mat Object.<anonymous> (\u001b[22m\u001b[2m\u001b[0m\u001b[36msrc/__tests__/controllers/invitedSignup.test.js\u001b[39m\u001b[0m\u001b[2m:269:21)\u001b[22m\u001b[2m\u001b[22m\n\n\u001b[1m\u001b[31m  \u001b[1m● \u001b[22m\u001b[1mInvited Signup Controller › totpsignup › should handle internal server errors\u001b[39m\u001b[22m\n\n    TypeError: EnableTotp.mockRejectedValue is not a function\n\u001b[2m\u001b[22m\n\u001b[2m    \u001b[0m \u001b[90m 297 |\u001b[39m       mockReq\u001b[33m.\u001b[39mverified \u001b[33m=\u001b[39m \u001b[36mtrue\u001b[39m\u001b[33m;\u001b[39m\u001b[22m\n\u001b[2m     \u001b[90m 298 |\u001b[39m       mockReq\u001b[33m.\u001b[39muser \u001b[33m=\u001b[39m { email\u001b[33m:\u001b[39m \u001b[32m'test@example.com'\u001b[39m }\u001b[33m;\u001b[39m\u001b[22m\n\u001b[2m    \u001b[31m\u001b[1m>\u001b[22m\u001b[2m\u001b[39m\u001b[90m 299 |\u001b[39m       \u001b[33mEnableTotp\u001b[39m\u001b[33m.\u001b[39mmockRejectedValue(\u001b[36mnew\u001b[39m \u001b[33mError\u001b[39m(\u001b[32m'Database error'\u001b[39m))\u001b[33m;\u001b[39m\u001b[22m\n\u001b[2m     \u001b[90m     |\u001b[39m                  \u001b[31m\u001b[1m^\u001b[22m\u001b[2m\u001b[39m\u001b[22m\n\u001b[2m     \u001b[90m 300 |\u001b[39m\u001b[22m\n\u001b[2m     \u001b[90m 301 |\u001b[39m       \u001b[36mawait\u001b[39m totpsignup(mockReq\u001b[33m,\u001b[39m mockRes)\u001b[33m;\u001b[39m\u001b[22m\n\u001b[2m     \u001b[90m 302 |\u001b[39m\u001b[0m\u001b[22m\n\u001b[2m\u001b[22m\n\u001b[2m      \u001b[2mat Object.<anonymous> (\u001b[22m\u001b[2m\u001b[0m\u001b[36msrc/__tests__/controllers/invitedSignup.test.js\u001b[39m\u001b[0m\u001b[2m:299:18)\u001b[22m\u001b[2m\u001b[22m\n","name":"/Users/rohanboddupally/Desktop/MicroServices/user-management/src/__tests__/controllers/invitedSignup.test.js","startTime":1761539780414,"status":"failed","summary":""},{"assertionResults":[{"ancestorTitles":["Invite Controller"],"duration":4,"failing":false,"failureDetails":[],"failureMessages":[],"fullName":"Invite Controller should return 400 for client_admin without organisation","invocations":1,"location":null,"numPassingAsserts":2,"retryReasons":[],"startAt":1761539780631,"status":"passed","title":"should return 400 for client_admin without organisation"},{"ancestorTitles":["Invite Controller"],"duration":0,"failing":false,"failureDetails":[{}],"failureMessages":["TypeError: isExistingUser.mockResolvedValue is not a function\n    at Object.<anonymous> (/Users/rohanboddupally/Desktop/MicroServices/user-management/src/__tests__/controllers/invite.test.js:60:20)\n    at Promise.finally.completed (/Users/rohanboddupally/Desktop/MicroServices/user-management/node_modules/jest-circus/build/jestAdapterInit.js:1557:28)\n    at new Promise (<anonymous>)\n    at callAsyncCircusFn (/Users/rohanboddupally/Desktop/MicroServices/user-management/node_modules/jest-circus/build/jestAdapterInit.js:1497:10)\n    at _callCircusTest (/Users/rohanboddupally/Desktop/MicroServices/user-management/node_modules/jest-circus/build/jestAdapterInit.js:1007:40)\n    at _runTest (/Users/rohanboddupally/Desktop/MicroServices/user-management/node_modules/jest-circus/build/jestAdapterInit.js:947:3)\n    at /Users/rohanboddupally/Desktop/MicroServices/user-management/node_modules/jest-circus/build/jestAdapterInit.js:849:7\n    at _runTestsForDescribeBlock (/Users/rohanboddupally/Desktop/MicroServices/user-management/node_modules/jest-circus/build/jestAdapterInit.js:862:11)\n    at _runTestsForDescribeBlock (/Users/rohanboddupally/Desktop/MicroServices/user-management/node_modules/jest-circus/build/jestAdapterInit.js:857:11)\n    at run (/Users/rohanboddupally/Desktop/MicroServices/user-management/node_modules/jest-circus/build/jestAdapterInit.js:761:3)\n    at runAndTransformResultsToJestFormat (/Users/rohanboddupally/Desktop/MicroServices/user-management/node_modules/jest-circus/build/jestAdapterInit.js:1918:21)\n    at jestAdapter (/Users/rohanboddupally/Desktop/MicroServices/user-management/node_modules/jest-circus/build/runner.js:101:19)\n    at runTestInternal (/Users/rohanboddupally/Desktop/MicroServices/user-management/node_modules/jest-runner/build/index.js:275:16)\n    at runTest (/Users/rohanboddupally/Desktop/MicroServices/user-management/node_modules/jest-runner/build/index.js:343:7)"],"fullName":"Invite Controller should return 400 for existing user","invocations":1,"location":null,"numPassingAsserts":0,"retryReasons":[],"startAt":1761539780635,"status":"failed","title":"should return 400 for existing user"},{"ancestorTitles":["Invite Controller"],"duration":0,"failing":false,"failureDetails":[{}],"failureMessages":["TypeError: isExistingUser.mockResolvedValue is not a function\n    at Object.<anonymous> (/Users/rohanboddupally/Desktop/MicroServices/user-management/src/__tests__/controllers/invite.test.js:80:20)\n    at Promise.finally.completed (/Users/rohanboddupally/Desktop/MicroServices/user-management/node_modules/jest-circus/build/jestAdapterInit.js:1557:28)\n    at new Promise (<anonymous>)\n    at callAsyncCircusFn (/Users/rohanboddupally/Desktop/MicroServices/user-management/node_modules/jest-circus/build/jestAdapterInit.js:1497:10)\n    at _callCircusTest (/Users/rohanboddupally/Desktop/MicroServices/user-management/node_modules/jest-circus/build/jestAdapterInit.js:1007:40)\n    at _runTest (/Users/rohanboddupally/Desktop/MicroServices/user-management/node_modules/jest-circus/build/jestAdapterInit.js:947:3)\n    at /Users/rohanboddupally/Desktop/MicroServices/user-management/node_modules/jest-circus/build/jestAdapterInit.js:849:7\n    at _runTestsForDescribeBlock (/Users/rohanboddupally/Desktop/MicroServices/user-management/node_modules/jest-circus/build/jestAdapterInit.js:862:11)\n    at _runTestsForDescribeBlock (/Users/rohanboddupally/Desktop/MicroServices/user-management/node_modules/jest-circus/build/jestAdapterInit.js:857:11)\n    at run (/Users/rohanboddupally/Desktop/MicroServices/user-management/node_modules/jest-circus/build/jestAdapterInit.js:761:3)\n    at runAndTransformResultsToJestFormat (/Users/rohanboddupally/Desktop/MicroServices/user-management/node_modules/jest-circus/build/jestAdapterInit.js:1918:21)\n    at jestAdapter (/Users/rohanboddupally/Desktop/MicroServices/user-management/node_modules/jest-circus/build/runner.js:101:19)\n    at runTestInternal (/Users/rohanboddupally/Desktop/MicroServices/user-management/node_modules/jest-runner/build/index.js:275:16)\n    at runTest (/Users/rohanboddupally/Desktop/MicroServices/user-management/node_modules/jest-runner/build/index.js:343:7)"],"fullName":"Invite Controller should create invitation successfully for non-client_admin","invocations":1,"location":null,"numPassingAsserts":0,"retryReasons":[],"startAt":1761539780636,"status":"failed","title":"should create invitation successfully for non-client_admin"},{"ancestorTitles":["Invite Controller"],"duration":0,"failing":false,"failureDetails":[{}],"failureMessages":["TypeError: isExistingUser.mockResolvedValue is not a function\n    at Object.<anonymous> (/Users/rohanboddupally/Desktop/MicroServices/user-management/src/__tests__/controllers/invite.test.js:107:20)\n    at Promise.finally.completed (/Users/rohanboddupally/Desktop/MicroServices/user-management/node_modules/jest-circus/build/jestAdapterInit.js:1557:28)\n    at new Promise (<anonymous>)\n    at callAsyncCircusFn (/Users/rohanboddupally/Desktop/MicroServices/user-management/node_modules/jest-circus/build/jestAdapterInit.js:1497:10)\n    at _callCircusTest (/Users/rohanboddupally/Desktop/MicroServices/user-management/node_modules/jest-circus/build/jestAdapterInit.js:1007:40)\n    at _runTest (/Users/rohanboddupally/Desktop/MicroServices/user-management/node_modules/jest-circus/build/jestAdapterInit.js:947:3)\n    at /Users/rohanboddupally/Desktop/MicroServices/user-management/node_modules/jest-circus/build/jestAdapterInit.js:849:7\n    at _runTestsForDescribeBlock (/Users/rohanboddupally/Desktop/MicroServices/user-management/node_modules/jest-circus/build/jestAdapterInit.js:862:11)\n    at _runTestsForDescribeBlock (/Users/rohanboddupally/Desktop/MicroServices/user-management/node_modules/jest-circus/build/jestAdapterInit.js:857:11)\n    at run (/Users/rohanboddupally/Desktop/MicroServices/user-management/node_modules/jest-circus/build/jestAdapterInit.js:761:3)\n    at runAndTransformResultsToJestFormat (/Users/rohanboddupally/Desktop/MicroServices/user-management/node_modules/jest-circus/build/jestAdapterInit.js:1918:21)\n    at jestAdapter (/Users/rohanboddupally/Desktop/MicroServices/user-management/node_modules/jest-circus/build/runner.js:101:19)\n    at runTestInternal (/Users/rohanboddupally/Desktop/MicroServices/user-management/node_modules/jest-runner/build/index.js:275:16)\n    at runTest (/Users/rohanboddupally/Desktop/MicroServices/user-management/node_modules/jest-runner/build/index.js:343:7)"],"fullName":"Invite Controller should create invitation successfully for client_admin with organisation","invocations":1,"location":null,"numPassingAsserts":0,"retryReasons":[],"startAt":1761539780636,"status":"failed","title":"should create invitation successfully for client_admin with organisation"},{"ancestorTitles":["Invite Controller"],"duration":0,"failing":false,"failureDetails":[{}],"failureMessages":["TypeError: isExistingUser.mockResolvedValue is not a function\n    at Object.<anonymous> (/Users/rohanboddupally/Desktop/MicroServices/user-management/src/__tests__/controllers/invite.test.js:138:20)\n    at Promise.finally.completed (/Users/rohanboddupally/Desktop/MicroServices/user-management/node_modules/jest-circus/build/jestAdapterInit.js:1557:28)\n    at new Promise (<anonymous>)\n    at callAsyncCircusFn (/Users/rohanboddupally/Desktop/MicroServices/user-management/node_modules/jest-circus/build/jestAdapterInit.js:1497:10)\n    at _callCircusTest (/Users/rohanboddupally/Desktop/MicroServices/user-management/node_modules/jest-circus/build/jestAdapterInit.js:1007:40)\n    at _runTest (/Users/rohanboddupally/Desktop/MicroServices/user-management/node_modules/jest-circus/build/jestAdapterInit.js:947:3)\n    at /Users/rohanboddupally/Desktop/MicroServices/user-management/node_modules/jest-circus/build/jestAdapterInit.js:849:7\n    at _runTestsForDescribeBlock (/Users/rohanboddupally/Desktop/MicroServices/user-management/node_modules/jest-circus/build/jestAdapterInit.js:862:11)\n    at _runTestsForDescribeBlock (/Users/rohanboddupally/Desktop/MicroServices/user-management/node_modules/jest-circus/build/jestAdapterInit.js:857:11)\n    at run (/Users/rohanboddupally/Desktop/MicroServices/user-management/node_modules/jest-circus/build/jestAdapterInit.js:761:3)\n    at runAndTransformResultsToJestFormat (/Users/rohanboddupally/Desktop/MicroServices/user-management/node_modules/jest-circus/build/jestAdapterInit.js:1918:21)\n    at jestAdapter (/Users/rohanboddupally/Desktop/MicroServices/user-management/node_modules/jest-circus/build/runner.js:101:19)\n    at runTestInternal (/Users/rohanboddupally/Desktop/MicroServices/user-management/node_modules/jest-runner/build/index.js:275:16)\n    at runTest (/Users/rohanboddupally/Desktop/MicroServices/user-management/node_modules/jest-runner/build/index.js:343:7)"],"fullName":"Invite Controller should handle queue sending errors","invocations":1,"location":null,"numPassingAsserts":0,"retryReasons":[],"startAt":1761539780637,"status":"failed","title":"should handle queue sending errors"},{"ancestorTitles":["Invite Controller"],"duration":0,"failing":false,"failureDetails":[{}],"failureMessages":["TypeError: isExistingUser.mockRejectedValue is not a function\n    at Object.<anonymous> (/Users/rohanboddupally/Desktop/MicroServices/user-management/src/__tests__/controllers/invite.test.js:160:20)\n    at Promise.finally.completed (/Users/rohanboddupally/Desktop/MicroServices/user-management/node_modules/jest-circus/build/jestAdapterInit.js:1557:28)\n    at new Promise (<anonymous>)\n    at callAsyncCircusFn (/Users/rohanboddupally/Desktop/MicroServices/user-management/node_modules/jest-circus/build/jestAdapterInit.js:1497:10)\n    at _callCircusTest (/Users/rohanboddupally/Desktop/MicroServices/user-management/node_modules/jest-circus/build/jestAdapterInit.js:1007:40)\n    at _runTest (/Users/rohanboddupally/Desktop/MicroServices/user-management/node_modules/jest-circus/build/jestAdapterInit.js:947:3)\n    at /Users/rohanboddupally/Desktop/MicroServices/user-management/node_modules/jest-circus/build/jestAdapterInit.js:849:7\n    at _runTestsForDescribeBlock (/Users/rohanboddupally/Desktop/MicroServices/user-management/node_modules/jest-circus/build/jestAdapterInit.js:862:11)\n    at _runTestsForDescribeBlock (/Users/rohanboddupally/Desktop/MicroServices/user-management/node_modules/jest-circus/build/jestAdapterInit.js:857:11)\n    at run (/Users/rohanboddupally/Desktop/MicroServices/user-management/node_modules/jest-circus/build/jestAdapterInit.js:761:3)\n    at runAndTransformResultsToJestFormat (/Users/rohanboddupally/Desktop/MicroServices/user-management/node_modules/jest-circus/build/jestAdapterInit.js:1918:21)\n    at jestAdapter (/Users/rohanboddupally/Desktop/MicroServices/user-management/node_modules/jest-circus/build/runner.js:101:19)\n    at runTestInternal (/Users/rohanboddupally/Desktop/MicroServices/user-management/node_modules/jest-runner/build/index.js:275:16)\n    at runTest (/Users/rohanboddupally/Desktop/MicroServices/user-management/node_modules/jest-runner/build/index.js:343:7)"],"fullName":"Invite Controller should handle internal server errors","invocations":1,"location":null,"numPassingAsserts":0,"retryReasons":[],"startAt":1761539780637,"status":"failed","title":"should handle internal server errors"},{"ancestorTitles":["Invite Controller"],"duration":0,"failing":false,"failureDetails":[{}],"failureMessages":["TypeError: isExistingUser.mockResolvedValue is not a function\n    at Object.<anonymous> (/Users/rohanboddupally/Desktop/MicroServices/user-management/src/__tests__/controllers/invite.test.js:177:20)\n    at Promise.finally.completed (/Users/rohanboddupally/Desktop/MicroServices/user-management/node_modules/jest-circus/build/jestAdapterInit.js:1557:28)\n    at new Promise (<anonymous>)\n    at callAsyncCircusFn (/Users/rohanboddupally/Desktop/MicroServices/user-management/node_modules/jest-circus/build/jestAdapterInit.js:1497:10)\n    at _callCircusTest (/Users/rohanboddupally/Desktop/MicroServices/user-management/node_modules/jest-circus/build/jestAdapterInit.js:1007:40)\n    at _runTest (/Users/rohanboddupally/Desktop/MicroServices/user-management/node_modules/jest-circus/build/jestAdapterInit.js:947:3)\n    at /Users/rohanboddupally/Desktop/MicroServices/user-management/node_modules/jest-circus/build/jestAdapterInit.js:849:7\n    at _runTestsForDescribeBlock (/Users/rohanboddupally/Desktop/MicroServices/user-management/node_modules/jest-circus/build/jestAdapterInit.js:862:11)\n    at _runTestsForDescribeBlock (/Users/rohanboddupally/Desktop/MicroServices/user-management/node_modules/jest-circus/build/jestAdapterInit.js:857:11)\n    at run (/Users/rohanboddupally/Desktop/MicroServices/user-management/node_modules/jest-circus/build/jestAdapterInit.js:761:3)\n    at runAndTransformResultsToJestFormat (/Users/rohanboddupally/Desktop/MicroServices/user-management/node_modules/jest-circus/build/jestAdapterInit.js:1918:21)\n    at jestAdapter (/Users/rohanboddupally/Desktop/MicroServices/user-management/node_modules/jest-circus/build/runner.js:101:19)\n    at runTestInternal (/Users/rohanboddupally/Desktop/MicroServices/user-management/node_modules/jest-runner/build/index.js:275:16)\n    at runTest (/Users/rohanboddupally/Desktop/MicroServices/user-management/node_modules/jest-runner/build/index.js:343:7)"],"fullName":"Invite Controller should generate correct invite message","invocations":1,"location":null,"numPassingAsserts":0,"retryReasons":[],"startAt":1761539780638,"status":"failed","title":"should generate correct invite message"},{"ancestorTitles":["Invite Controller"],"duration":0,"failing":false,"failureDetails":[{}],"failureMessages":["TypeError: isExistingUser.mockResolvedValue is not a function\n    at Object.<anonymous> (/Users/rohanboddupally/Desktop/MicroServices/user-management/src/__tests__/controllers/invite.test.js:201:20)\n    at Promise.finally.completed (/Users/rohanboddupally/Desktop/MicroServices/user-management/node_modules/jest-circus/build/jestAdapterInit.js:1557:28)\n    at new Promise (<anonymous>)\n    at callAsyncCircusFn (/Users/rohanboddupally/Desktop/MicroServices/user-management/node_modules/jest-circus/build/jestAdapterInit.js:1497:10)\n    at _callCircusTest (/Users/rohanboddupally/Desktop/MicroServices/user-management/node_modules/jest-circus/build/jestAdapterInit.js:1007:40)\n    at _runTest (/Users/rohanboddupally/Desktop/MicroServices/user-management/node_modules/jest-circus/build/jestAdapterInit.js:947:3)\n    at /Users/rohanboddupally/Desktop/MicroServices/user-management/node_modules/jest-circus/build/jestAdapterInit.js:849:7\n    at _runTestsForDescribeBlock (/Users/rohanboddupally/Desktop/MicroServices/user-management/node_modules/jest-circus/build/jestAdapterInit.js:862:11)\n    at _runTestsForDescribeBlock (/Users/rohanboddupally/Desktop/MicroServices/user-management/node_modules/jest-circus/build/jestAdapterInit.js:857:11)\n    at run (/Users/rohanboddupally/Desktop/MicroServices/user-management/node_modules/jest-circus/build/jestAdapterInit.js:761:3)\n    at runAndTransformResultsToJestFormat (/Users/rohanboddupally/Desktop/MicroServices/user-management/node_modules/jest-circus/build/jestAdapterInit.js:1918:21)\n    at jestAdapter (/Users/rohanboddupally/Desktop/MicroServices/user-management/node_modules/jest-circus/build/runner.js:101:19)\n    at runTestInternal (/Users/rohanboddupally/Desktop/MicroServices/user-management/node_modules/jest-runner/build/index.js:275:16)\n    at runTest (/Users/rohanboddupally/Desktop/MicroServices/user-management/node_modules/jest-runner/build/index.js:343:7)"],"fullName":"Invite Controller should create unique invite ID","invocations":1,"location":null,"numPassingAsserts":0,"retryReasons":[],"startAt":1761539780638,"status":"failed","title":"should create unique invite ID"}],"endTime":1761539780648,"message":"\u001b[1m\u001b[31m  \u001b[1m● \u001b[22m\u001b[1mInvite Controller › should return 400 for existing user\u001b[39m\u001b[22m\n\n    TypeError: isExistingUser.mockResolvedValue is not a function\n\u001b[2m\u001b[22m\n\u001b[2m    \u001b[0m \u001b[90m 58 |\u001b[39m     }\u001b[33m;\u001b[39m\u001b[22m\n\u001b[2m     \u001b[90m 59 |\u001b[39m     mockReq\u001b[33m.\u001b[39mbody \u001b[33m=\u001b[39m {}\u001b[33m;\u001b[39m\u001b[22m\n\u001b[2m    \u001b[31m\u001b[1m>\u001b[22m\u001b[2m\u001b[39m\u001b[90m 60 |\u001b[39m     isExistingUser\u001b[33m.\u001b[39mmockResolvedValue({ email\u001b[33m:\u001b[39m \u001b[32m'existing@example.com'\u001b[39m })\u001b[33m;\u001b[39m\u001b[22m\n\u001b[2m     \u001b[90m    |\u001b[39m                    \u001b[31m\u001b[1m^\u001b[22m\u001b[2m\u001b[39m\u001b[22m\n\u001b[2m     \u001b[90m 61 |\u001b[39m\u001b[22m\n\u001b[2m     \u001b[90m 62 |\u001b[39m     \u001b[36mawait\u001b[39m invite(mockReq\u001b[33m,\u001b[39m mockRes)\u001b[33m;\u001b[39m\u001b[22m\n\u001b[2m     \u001b[90m 63 |\u001b[39m\u001b[0m\u001b[22m\n\u001b[2m\u001b[22m\n\u001b[2m      \u001b[2mat Object.<anonymous> (\u001b[22m\u001b[2m\u001b[0m\u001b[36msrc/__tests__/controllers/invite.test.js\u001b[39m\u001b[0m\u001b[2m:60:20)\u001b[22m\u001b[2m\u001b[22m\n\n\u001b[1m\u001b[31m  \u001b[1m● \u001b[22m\u001b[1mInvite Controller › should create invitation successfully for non-client_admin\u001b[39m\u001b[22m\n\n    TypeError: isExistingUser.mockResolvedValue is not a function\n\u001b[2m\u001b[22m\n\u001b[2m    \u001b[0m \u001b[90m 78 |\u001b[39m     }\u001b[33m;\u001b[39m\u001b[22m\n\u001b[2m     \u001b[90m 79 |\u001b[39m     mockReq\u001b[33m.\u001b[39mbody \u001b[33m=\u001b[39m {}\u001b[33m;\u001b[39m\u001b[22m\n\u001b[2m    \u001b[31m\u001b[1m>\u001b[22m\u001b[2m\u001b[39m\u001b[90m 80 |\u001b[39m     isExistingUser\u001b[33m.\u001b[39mmockResolvedValue(\u001b[36mfalse\u001b[39m)\u001b[33m;\u001b[39m\u001b[22m\n\u001b[2m     \u001b[90m    |\u001b[39m                    \u001b[31m\u001b[1m^\u001b[22m\u001b[2m\u001b[39m\u001b[22m\n\u001b[2m     \u001b[90m 81 |\u001b[39m     invitedUserCreate\u001b[33m.\u001b[39mmockResolvedValue({ success\u001b[33m:\u001b[39m \u001b[36mtrue\u001b[39m })\u001b[33m;\u001b[39m\u001b[22m\n\u001b[2m     \u001b[90m 82 |\u001b[39m     sendToQueue\u001b[33m.\u001b[39mmockResolvedValue()\u001b[33m;\u001b[39m\u001b[22m\n\u001b[2m     \u001b[90m 83 |\u001b[39m\u001b[0m\u001b[22m\n\u001b[2m\u001b[22m\n\u001b[2m      \u001b[2mat Object.<anonymous> (\u001b[22m\u001b[2m\u001b[0m\u001b[36msrc/__tests__/controllers/invite.test.js\u001b[39m\u001b[0m\u001b[2m:80:20)\u001b[22m\u001b[2m\u001b[22m\n\n\u001b[1m\u001b[31m  \u001b[1m● \u001b[22m\u001b[1mInvite Controller › should create invitation successfully for client_admin with organisation\u001b[39m\u001b[22m\n\n    TypeError: isExistingUser.mockResolvedValue is not a function\n\u001b[2m\u001b[22m\n\u001b[2m    \u001b[0m \u001b[90m 105 |\u001b[39m       organisation\u001b[33m:\u001b[39m \u001b[32m'Test Organisation'\u001b[39m\u001b[22m\n\u001b[2m     \u001b[90m 106 |\u001b[39m     }\u001b[33m;\u001b[39m\u001b[22m\n\u001b[2m    \u001b[31m\u001b[1m>\u001b[22m\u001b[2m\u001b[39m\u001b[90m 107 |\u001b[39m     isExistingUser\u001b[33m.\u001b[39mmockResolvedValue(\u001b[36mfalse\u001b[39m)\u001b[33m;\u001b[39m\u001b[22m\n\u001b[2m     \u001b[90m     |\u001b[39m                    \u001b[31m\u001b[1m^\u001b[22m\u001b[2m\u001b[39m\u001b[22m\n\u001b[2m     \u001b[90m 108 |\u001b[39m     invitedUserCreate\u001b[33m.\u001b[39mmockResolvedValue({ success\u001b[33m:\u001b[39m \u001b[36mtrue\u001b[39m })\u001b[33m;\u001b[39m\u001b[22m\n\u001b[2m     \u001b[90m 109 |\u001b[39m     sendToQueue\u001b[33m.\u001b[39mmockResolvedValue()\u001b[33m;\u001b[39m\u001b[22m\n\u001b[2m     \u001b[90m 110 |\u001b[39m\u001b[0m\u001b[22m\n\u001b[2m\u001b[22m\n\u001b[2m      \u001b[2mat Object.<anonymous> (\u001b[22m\u001b[2m\u001b[0m\u001b[36msrc/__tests__/controllers/invite.test.js\u001b[39m\u001b[0m\u001b[2m:107:20)\u001b[22m\u001b[2m\u001b[22m\n\n\u001b[1m\u001b[31m  \u001b[1m● \u001b[22m\u001b[1mInvite Controller › should handle queue sending errors\u001b[39m\u001b[22m\n\n    TypeError: isExistingUser.mockResolvedValue is not a function\n\u001b[2m\u001b[22m\n\u001b[2m    \u001b[0m \u001b[90m 136 |\u001b[39m     }\u001b[33m;\u001b[39m\u001b[22m\n\u001b[2m     \u001b[90m 137 |\u001b[39m     mockReq\u001b[33m.\u001b[39mbody \u001b[33m=\u001b[39m {}\u001b[33m;\u001b[39m\u001b[22m\n\u001b[2m    \u001b[31m\u001b[1m>\u001b[22m\u001b[2m\u001b[39m\u001b[90m 138 |\u001b[39m     isExistingUser\u001b[33m.\u001b[39mmockResolvedValue(\u001b[36mfalse\u001b[39m)\u001b[33m;\u001b[39m\u001b[22m\n\u001b[2m     \u001b[90m     |\u001b[39m                    \u001b[31m\u001b[1m^\u001b[22m\u001b[2m\u001b[39m\u001b[22m\n\u001b[2m     \u001b[90m 139 |\u001b[39m     invitedUserCreate\u001b[33m.\u001b[39mmockResolvedValue({ success\u001b[33m:\u001b[39m \u001b[36mtrue\u001b[39m })\u001b[33m;\u001b[39m\u001b[22m\n\u001b[2m     \u001b[90m 140 |\u001b[39m     sendToQueue\u001b[33m.\u001b[39mmockRejectedValue(\u001b[36mnew\u001b[39m \u001b[33mError\u001b[39m(\u001b[32m'Queue error'\u001b[39m))\u001b[33m;\u001b[39m\u001b[22m\n\u001b[2m     \u001b[90m 141 |\u001b[39m\u001b[0m\u001b[22m\n\u001b[2m\u001b[22m\n\u001b[2m      \u001b[2mat Object.<anonymous> (\u001b[22m\u001b[2m\u001b[0m\u001b[36msrc/__tests__/controllers/invite.test.js\u001b[39m\u001b[0m\u001b[2m:138:20)\u001b[22m\u001b[2m\u001b[22m\n\n\u001b[1m\u001b[31m  \u001b[1m● \u001b[22m\u001b[1mInvite Controller › should handle internal server errors\u001b[39m\u001b[22m\n\n    TypeError: isExistingUser.mockRejectedValue is not a function\n\u001b[2m\u001b[22m\n\u001b[2m    \u001b[0m \u001b[90m 158 |\u001b[39m     }\u001b[33m;\u001b[39m\u001b[22m\n\u001b[2m     \u001b[90m 159 |\u001b[39m     mockReq\u001b[33m.\u001b[39mbody \u001b[33m=\u001b[39m {}\u001b[33m;\u001b[39m\u001b[22m\n\u001b[2m    \u001b[31m\u001b[1m>\u001b[22m\u001b[2m\u001b[39m\u001b[90m 160 |\u001b[39m     isExistingUser\u001b[33m.\u001b[39mmockRejectedValue(\u001b[36mnew\u001b[39m \u001b[33mError\u001b[39m(\u001b[32m'Database error'\u001b[39m))\u001b[33m;\u001b[39m\u001b[22m\n\u001b[2m     \u001b[90m     |\u001b[39m                    \u001b[31m\u001b[1m^\u001b[22m\u001b[2m\u001b[39m\u001b[22m\n\u001b[2m     \u001b[90m 161 |\u001b[39m\u001b[22m\n\u001b[2m     \u001b[90m 162 |\u001b[39m     \u001b[36mawait\u001b[39m invite(mockReq\u001b[33m,\u001b[39m mockRes)\u001b[33m;\u001b[39m\u001b[22m\n\u001b[2m     \u001b[90m 163 |\u001b[39m\u001b[0m\u001b[22m\n\u001b[2m\u001b[22m\n\u001b[2m      \u001b[2mat Object.<anonymous> (\u001b[22m\u001b[2m\u001b[0m\u001b[36msrc/__tests__/controllers/invite.test.js\u001b[39m\u001b[0m\u001b[2m:160:20)\u001b[22m\u001b[2m\u001b[22m\n\n\u001b[1m\u001b[31m  \u001b[1m● \u001b[22m\u001b[1mInvite Controller › should generate correct invite message\u001b[39m\u001b[22m\n\n    TypeError: isExistingUser.mockResolvedValue is not a function\n\u001b[2m\u001b[22m\n\u001b[2m    \u001b[0m \u001b[90m 175 |\u001b[39m     }\u001b[33m;\u001b[39m\u001b[22m\n\u001b[2m     \u001b[90m 176 |\u001b[39m     mockReq\u001b[33m.\u001b[39mbody \u001b[33m=\u001b[39m {}\u001b[33m;\u001b[39m\u001b[22m\n\u001b[2m    \u001b[31m\u001b[1m>\u001b[22m\u001b[2m\u001b[39m\u001b[90m 177 |\u001b[39m     isExistingUser\u001b[33m.\u001b[39mmockResolvedValue(\u001b[36mfalse\u001b[39m)\u001b[33m;\u001b[39m\u001b[22m\n\u001b[2m     \u001b[90m     |\u001b[39m                    \u001b[31m\u001b[1m^\u001b[22m\u001b[2m\u001b[39m\u001b[22m\n\u001b[2m     \u001b[90m 178 |\u001b[39m     invitedUserCreate\u001b[33m.\u001b[39mmockResolvedValue({ success\u001b[33m:\u001b[39m \u001b[36mtrue\u001b[39m })\u001b[33m;\u001b[39m\u001b[22m\n\u001b[2m     \u001b[90m 179 |\u001b[39m     sendToQueue\u001b[33m.\u001b[39mmockResolvedValue()\u001b[33m;\u001b[39m\u001b[22m\n\u001b[2m     \u001b[90m 180 |\u001b[39m\u001b[0m\u001b[22m\n\u001b[2m\u001b[22m\n\u001b[2m      \u001b[2mat Object.<anonymous> (\u001b[22m\u001b[2m\u001b[0m\u001b[36msrc/__tests__/controllers/invite.test.js\u001b[39m\u001b[0m\u001b[2m:177:20)\u001b[22m\u001b[2m\u001b[22m\n\n\u001b[1m\u001b[31m  \u001b[1m● \u001b[22m\u001b[1mInvite Controller › should create unique invite ID\u001b[39m\u001b[22m\n\n    TypeError: isExistingUser.mockResolvedValue is not a function\n\u001b[2m\u001b[22m\n\u001b[2m    \u001b[0m \u001b[90m 199 |\u001b[39m     }\u001b[33m;\u001b[39m\u001b[22m\n\u001b[2m     \u001b[90m 200 |\u001b[39m     mockReq\u001b[33m.\u001b[39mbody \u001b[33m=\u001b[39m {}\u001b[33m;\u001b[39m\u001b[22m\n\u001b[2m    \u001b[31m\u001b[1m>\u001b[22m\u001b[2m\u001b[39m\u001b[90m 201 |\u001b[39m     isExistingUser\u001b[33m.\u001b[39mmockResolvedValue(\u001b[36mfalse\u001b[39m)\u001b[33m;\u001b[39m\u001b[22m\n\u001b[2m     \u001b[90m     |\u001b[39m                    \u001b[31m\u001b[1m^\u001b[22m\u001b[2m\u001b[39m\u001b[22m\n\u001b[2m     \u001b[90m 202 |\u001b[39m     invitedUserCreate\u001b[33m.\u001b[39mmockResolvedValue({ success\u001b[33m:\u001b[39m \u001b[36mtrue\u001b[39m })\u001b[33m;\u001b[39m\u001b[22m\n\u001b[2m     \u001b[90m 203 |\u001b[39m     sendToQueue\u001b[33m.\u001b[39mmockResolvedValue()\u001b[33m;\u001b[39m\u001b[22m\n\u001b[2m     \u001b[90m 204 |\u001b[39m\u001b[0m\u001b[22m\n\u001b[2m\u001b[22m\n\u001b[2m      \u001b[2mat Object.<anonymous> (\u001b[22m\u001b[2m\u001b[0m\u001b[36msrc/__tests__/controllers/invite.test.js\u001b[39m\u001b[0m\u001b[2m:201:20)\u001b[22m\u001b[2m\u001b[22m\n","name":"/Users/rohanboddupally/Desktop/MicroServices/user-management/src/__tests__/controllers/invite.test.js","startTime":1761539780578,"status":"failed","summary":""},{"assertionResults":[{"ancestorTitles":["Login Controller","login"],"duration":1,"failing":false,"failureDetails":[{}],"failureMessages":["TypeError: generateToken.mockReturnValue is not a function\n    at Object.<anonymous> (/Users/rohanboddupally/Desktop/MicroServices/user-management/src/__tests__/controllers/login.test.js:39:21)\n    at Promise.finally.completed (/Users/rohanboddupally/Desktop/MicroServices/user-management/node_modules/jest-circus/build/jestAdapterInit.js:1557:28)\n    at new Promise (<anonymous>)\n    at callAsyncCircusFn (/Users/rohanboddupally/Desktop/MicroServices/user-management/node_modules/jest-circus/build/jestAdapterInit.js:1497:10)\n    at _callCircusTest (/Users/rohanboddupally/Desktop/MicroServices/user-management/node_modules/jest-circus/build/jestAdapterInit.js:1007:40)\n    at _runTest (/Users/rohanboddupally/Desktop/MicroServices/user-management/node_modules/jest-circus/build/jestAdapterInit.js:947:3)\n    at /Users/rohanboddupally/Desktop/MicroServices/user-management/node_modules/jest-circus/build/jestAdapterInit.js:849:7\n    at _runTestsForDescribeBlock (/Users/rohanboddupally/Desktop/MicroServices/user-management/node_modules/jest-circus/build/jestAdapterInit.js:862:11)\n    at _runTestsForDescribeBlock (/Users/rohanboddupally/Desktop/MicroServices/user-management/node_modules/jest-circus/build/jestAdapterInit.js:857:11)\n    at _runTestsForDescribeBlock (/Users/rohanboddupally/Desktop/MicroServices/user-management/node_modules/jest-circus/build/jestAdapterInit.js:857:11)\n    at run (/Users/rohanboddupally/Desktop/MicroServices/user-management/node_modules/jest-circus/build/jestAdapterInit.js:761:3)\n    at runAndTransformResultsToJestFormat (/Users/rohanboddupally/Desktop/MicroServices/user-management/node_modules/jest-circus/build/jestAdapterInit.js:1918:21)\n    at jestAdapter (/Users/rohanboddupally/Desktop/MicroServices/user-management/node_modules/jest-circus/build/runner.js:101:19)\n    at runTestInternal (/Users/rohanboddupally/Desktop/MicroServices/user-management/node_modules/jest-runner/build/index.js:275:16)\n    at runTest (/Users/rohanboddupally/Desktop/MicroServices/user-management/node_modules/jest-runner/build/index.js:343:7)"],"fullName":"Login Controller login should generate token and return success message","invocations":1,"location":null,"numPassingAsserts":0,"retryReasons":[],"startAt":1761539780726,"status":"failed","title":"should generate token and return success message"},{"ancestorTitles":["Login Controller","login"],"duration":0,"failing":false,"failureDetails":[{}],"failureMessages":["TypeError: generateToken.mockImplementation is not a function\n    at Object.<anonymous> (/Users/rohanboddupally/Desktop/MicroServices/user-management/src/__tests__/controllers/login.test.js:53:21)\n    at Promise.finally.completed (/Users/rohanboddupally/Desktop/MicroServices/user-management/node_modules/jest-circus/build/jestAdapterInit.js:1557:28)\n    at new Promise (<anonymous>)\n    at callAsyncCircusFn (/Users/rohanboddupally/Desktop/MicroServices/user-management/node_modules/jest-circus/build/jestAdapterInit.js:1497:10)\n    at _callCircusTest (/Users/rohanboddupally/Desktop/MicroServices/user-management/node_modules/jest-circus/build/jestAdapterInit.js:1007:40)\n    at _runTest (/Users/rohanboddupally/Desktop/MicroServices/user-management/node_modules/jest-circus/build/jestAdapterInit.js:947:3)\n    at /Users/rohanboddupally/Desktop/MicroServices/user-management/node_modules/jest-circus/build/jestAdapterInit.js:849:7\n    at _runTestsForDescribeBlock (/Users/rohanboddupally/Desktop/MicroServices/user-management/node_modules/jest-circus/build/jestAdapterInit.js:862:11)\n    at _runTestsForDescribeBlock (/Users/rohanboddupally/Desktop/MicroServices/user-management/node_modules/jest-circus/build/jestAdapterInit.js:857:11)\n    at _runTestsForDescribeBlock (/Users/rohanboddupally/Desktop/MicroServices/user-management/node_modules/jest-circus/build/jestAdapterInit.js:857:11)\n    at run (/Users/rohanboddupally/Desktop/MicroServices/user-management/node_modules/jest-circus/build/jestAdapterInit.js:761:3)\n    at runAndTransformResultsToJestFormat (/Users/rohanboddupally/Desktop/MicroServices/user-management/node_modules/jest-circus/build/jestAdapterInit.js:1918:21)\n    at jestAdapter (/Users/rohanboddupally/Desktop/MicroServices/user-management/node_modules/jest-circus/build/runner.js:101:19)\n    at runTestInternal (/Users/rohanboddupally/Desktop/MicroServices/user-management/node_modules/jest-runner/build/index.js:275:16)\n    at runTest (/Users/rohanboddupally/Desktop/MicroServices/user-management/node_modules/jest-runner/build/index.js:343:7)"],"fullName":"Login Controller login should handle errors gracefully","invocations":1,"location":null,"numPassingAsserts":0,"retryReasons":[],"startAt":1761539780728,"status":"failed","title":"should handle errors gracefully"},{"ancestorTitles":["Login Controller","verification"],"duration":2,"failing":false,"failureDetails":[],"failureMessages":[],"fullName":"Login Controller verification should return 400 for invalid email format","invocations":1,"location":null,"numPassingAsserts":2,"retryReasons":[],"startAt":1761539780728,"status":"passed","title":"should return 400 for invalid email format"},{"ancestorTitles":["Login Controller","verification"],"duration":1,"failing":false,"failureDetails":[],"failureMessages":[],"fullName":"Login Controller verification should return 400 for short password","invocations":1,"location":null,"numPassingAsserts":2,"retryReasons":[],"startAt":1761539780730,"status":"passed","title":"should return 400 for short password"},{"ancestorTitles":["Login Controller","verification"],"duration":0,"failing":false,"failureDetails":[{}],"failureMessages":["TypeError: isExistingUser.mockResolvedValue is not a function\n    at Object.<anonymous> (/Users/rohanboddupally/Desktop/MicroServices/user-management/src/__tests__/controllers/login.test.js:98:22)\n    at Promise.finally.completed (/Users/rohanboddupally/Desktop/MicroServices/user-management/node_modules/jest-circus/build/jestAdapterInit.js:1557:28)\n    at new Promise (<anonymous>)\n    at callAsyncCircusFn (/Users/rohanboddupally/Desktop/MicroServices/user-management/node_modules/jest-circus/build/jestAdapterInit.js:1497:10)\n    at _callCircusTest (/Users/rohanboddupally/Desktop/MicroServices/user-management/node_modules/jest-circus/build/jestAdapterInit.js:1007:40)\n    at _runTest (/Users/rohanboddupally/Desktop/MicroServices/user-management/node_modules/jest-circus/build/jestAdapterInit.js:947:3)\n    at /Users/rohanboddupally/Desktop/MicroServices/user-management/node_modules/jest-circus/build/jestAdapterInit.js:849:7\n    at _runTestsForDescribeBlock (/Users/rohanboddupally/Desktop/MicroServices/user-management/node_modules/jest-circus/build/jestAdapterInit.js:862:11)\n    at _runTestsForDescribeBlock (/Users/rohanboddupally/Desktop/MicroServices/user-management/node_modules/jest-circus/build/jestAdapterInit.js:857:11)\n    at _runTestsForDescribeBlock (/Users/rohanboddupally/Desktop/MicroServices/user-management/node_modules/jest-circus/build/jestAdapterInit.js:857:11)\n    at run (/Users/rohanboddupally/Desktop/MicroServices/user-management/node_modules/jest-circus/build/jestAdapterInit.js:761:3)\n    at runAndTransformResultsToJestFormat (/Users/rohanboddupally/Desktop/MicroServices/user-management/node_modules/jest-circus/build/jestAdapterInit.js:1918:21)\n    at jestAdapter (/Users/rohanboddupally/Desktop/MicroServices/user-management/node_modules/jest-circus/build/runner.js:101:19)\n    at runTestInternal (/Users/rohanboddupally/Desktop/MicroServices/user-management/node_modules/jest-runner/build/index.js:275:16)\n    at runTest (/Users/rohanboddupally/Desktop/MicroServices/user-management/node_modules/jest-runner/build/index.js:343:7)"],"fullName":"Login Controller verification should return 400 for non-existing user","invocations":1,"location":null,"numPassingAsserts":0,"retryReasons":[],"startAt":1761539780731,"status":"failed","title":"should return 400 for non-existing user"},{"ancestorTitles":["Login Controller","verification"],"duration":0,"failing":false,"failureDetails":[{}],"failureMessages":["TypeError: isExistingUser.mockResolvedValue is not a function\n    at Object.<anonymous> (/Users/rohanboddupally/Desktop/MicroServices/user-management/src/__tests__/controllers/login.test.js:119:22)\n    at Promise.finally.completed (/Users/rohanboddupally/Desktop/MicroServices/user-management/node_modules/jest-circus/build/jestAdapterInit.js:1557:28)\n    at new Promise (<anonymous>)\n    at callAsyncCircusFn (/Users/rohanboddupally/Desktop/MicroServices/user-management/node_modules/jest-circus/build/jestAdapterInit.js:1497:10)\n    at _callCircusTest (/Users/rohanboddupally/Desktop/MicroServices/user-management/node_modules/jest-circus/build/jestAdapterInit.js:1007:40)\n    at _runTest (/Users/rohanboddupally/Desktop/MicroServices/user-management/node_modules/jest-circus/build/jestAdapterInit.js:947:3)\n    at /Users/rohanboddupally/Desktop/MicroServices/user-management/node_modules/jest-circus/build/jestAdapterInit.js:849:7\n    at _runTestsForDescribeBlock (/Users/rohanboddupally/Desktop/MicroServices/user-management/node_modules/jest-circus/build/jestAdapterInit.js:862:11)\n    at _runTestsForDescribeBlock (/Users/rohanboddupally/Desktop/MicroServices/user-management/node_modules/jest-circus/build/jestAdapterInit.js:857:11)\n    at _runTestsForDescribeBlock (/Users/rohanboddupally/Desktop/MicroServices/user-management/node_modules/jest-circus/build/jestAdapterInit.js:857:11)\n    at run (/Users/rohanboddupally/Desktop/MicroServices/user-management/node_modules/jest-circus/build/jestAdapterInit.js:761:3)\n    at runAndTransformResultsToJestFormat (/Users/rohanboddupally/Desktop/MicroServices/user-management/node_modules/jest-circus/build/jestAdapterInit.js:1918:21)\n    at jestAdapter (/Users/rohanboddupally/Desktop/MicroServices/user-management/node_modules/jest-circus/build/runner.js:101:19)\n    at runTestInternal (/Users/rohanboddupally/Desktop/MicroServices/user-management/node_modules/jest-runner/build/index.js:275:16)\n    at runTest (/Users/rohanboddupally/Desktop/MicroServices/user-management/node_modules/jest-runner/build/index.js:343:7)"],"fullName":"Login Controller verification should return 400 for invalid password","invocations":1,"location":null,"numPassingAsserts":0,"retryReasons":[],"startAt":1761539780731,"status":"failed","title":"should return 400 for invalid password"},{"ancestorTitles":["Login Controller","verification"],"duration":0,"failing":false,"failureDetails":[{}],"failureMessages":["TypeError: isExistingUser.mockResolvedValue is not a function\n    at Object.<anonymous> (/Users/rohanboddupally/Desktop/MicroServices/user-management/src/__tests__/controllers/login.test.js:141:22)\n    at Promise.finally.completed (/Users/rohanboddupally/Desktop/MicroServices/user-management/node_modules/jest-circus/build/jestAdapterInit.js:1557:28)\n    at new Promise (<anonymous>)\n    at callAsyncCircusFn (/Users/rohanboddupally/Desktop/MicroServices/user-management/node_modules/jest-circus/build/jestAdapterInit.js:1497:10)\n    at _callCircusTest (/Users/rohanboddupally/Desktop/MicroServices/user-management/node_modules/jest-circus/build/jestAdapterInit.js:1007:40)\n    at _runTest (/Users/rohanboddupally/Desktop/MicroServices/user-management/node_modules/jest-circus/build/jestAdapterInit.js:947:3)\n    at /Users/rohanboddupally/Desktop/MicroServices/user-management/node_modules/jest-circus/build/jestAdapterInit.js:849:7\n    at _runTestsForDescribeBlock (/Users/rohanboddupally/Desktop/MicroServices/user-management/node_modules/jest-circus/build/jestAdapterInit.js:862:11)\n    at _runTestsForDescribeBlock (/Users/rohanboddupally/Desktop/MicroServices/user-management/node_modules/jest-circus/build/jestAdapterInit.js:857:11)\n    at _runTestsForDescribeBlock (/Users/rohanboddupally/Desktop/MicroServices/user-management/node_modules/jest-circus/build/jestAdapterInit.js:857:11)\n    at run (/Users/rohanboddupally/Desktop/MicroServices/user-management/node_modules/jest-circus/build/jestAdapterInit.js:761:3)\n    at runAndTransformResultsToJestFormat (/Users/rohanboddupally/Desktop/MicroServices/user-management/node_modules/jest-circus/build/jestAdapterInit.js:1918:21)\n    at jestAdapter (/Users/rohanboddupally/Desktop/MicroServices/user-management/node_modules/jest-circus/build/runner.js:101:19)\n    at runTestInternal (/Users/rohanboddupally/Desktop/MicroServices/user-management/node_modules/jest-runner/build/index.js:275:16)\n    at runTest (/Users/rohanboddupally/Desktop/MicroServices/user-management/node_modules/jest-runner/build/index.js:343:7)"],"fullName":"Login Controller verification should return 400 for unverified user","invocations":1,"location":null,"numPassingAsserts":0,"retryReasons":[],"startAt":1761539780731,"status":"failed","title":"should return 400 for unverified user"},{"ancestorTitles":["Login Controller","verification"],"duration":0,"failing":false,"failureDetails":[{}],"failureMessages":["TypeError: isExistingUser.mockResolvedValue is not a function\n    at Object.<anonymous> (/Users/rohanboddupally/Desktop/MicroServices/user-management/src/__tests__/controllers/login.test.js:163:22)\n    at Promise.finally.completed (/Users/rohanboddupally/Desktop/MicroServices/user-management/node_modules/jest-circus/build/jestAdapterInit.js:1557:28)\n    at new Promise (<anonymous>)\n    at callAsyncCircusFn (/Users/rohanboddupally/Desktop/MicroServices/user-management/node_modules/jest-circus/build/jestAdapterInit.js:1497:10)\n    at _callCircusTest (/Users/rohanboddupally/Desktop/MicroServices/user-management/node_modules/jest-circus/build/jestAdapterInit.js:1007:40)\n    at _runTest (/Users/rohanboddupally/Desktop/MicroServices/user-management/node_modules/jest-circus/build/jestAdapterInit.js:947:3)\n    at /Users/rohanboddupally/Desktop/MicroServices/user-management/node_modules/jest-circus/build/jestAdapterInit.js:849:7\n    at _runTestsForDescribeBlock (/Users/rohanboddupally/Desktop/MicroServices/user-management/node_modules/jest-circus/build/jestAdapterInit.js:862:11)\n    at _runTestsForDescribeBlock (/Users/rohanboddupally/Desktop/MicroServices/user-management/node_modules/jest-circus/build/jestAdapterInit.js:857:11)\n    at _runTestsForDescribeBlock (/Users/rohanboddupally/Desktop/MicroServices/user-management/node_modules/jest-circus/build/jestAdapterInit.js:857:11)\n    at run (/Users/rohanboddupally/Desktop/MicroServices/user-management/node_modules/jest-circus/build/jestAdapterInit.js:761:3)\n    at runAndTransformResultsToJestFormat (/Users/rohanboddupally/Desktop/MicroServices/user-management/node_modules/jest-circus/build/jestAdapterInit.js:1918:21)\n    at jestAdapter (/Users/rohanboddupally/Desktop/MicroServices/user-management/node_modules/jest-circus/build/runner.js:101:19)\n    at runTestInternal (/Users/rohanboddupally/Desktop/MicroServices/user-management/node_modules/jest-runner/build/index.js:275:16)\n    at runTest (/Users/rohanboddupally/Desktop/MicroServices/user-management/node_modules/jest-runner/build/index.js:343:7)"],"fullName":"Login Controller verification should handle OTP verification flow","invocations":1,"location":null,"numPassingAsserts":0,"retryReasons":[],"startAt":1761539780732,"status":"failed","title":"should handle OTP verification flow"},{"ancestorTitles":["Login Controller","verification"],"duration":0,"failing":false,"failureDetails":[{}],"failureMessages":["TypeError: isExistingUser.mockResolvedValue is not a function\n    at Object.<anonymous> (/Users/rohanboddupally/Desktop/MicroServices/user-management/src/__tests__/controllers/login.test.js:192:22)\n    at Promise.finally.completed (/Users/rohanboddupally/Desktop/MicroServices/user-management/node_modules/jest-circus/build/jestAdapterInit.js:1557:28)\n    at new Promise (<anonymous>)\n    at callAsyncCircusFn (/Users/rohanboddupally/Desktop/MicroServices/user-management/node_modules/jest-circus/build/jestAdapterInit.js:1497:10)\n    at _callCircusTest (/Users/rohanboddupally/Desktop/MicroServices/user-management/node_modules/jest-circus/build/jestAdapterInit.js:1007:40)\n    at _runTest (/Users/rohanboddupally/Desktop/MicroServices/user-management/node_modules/jest-circus/build/jestAdapterInit.js:947:3)\n    at /Users/rohanboddupally/Desktop/MicroServices/user-management/node_modules/jest-circus/build/jestAdapterInit.js:849:7\n    at _runTestsForDescribeBlock (/Users/rohanboddupally/Desktop/MicroServices/user-management/node_modules/jest-circus/build/jestAdapterInit.js:862:11)\n    at _runTestsForDescribeBlock (/Users/rohanboddupally/Desktop/MicroServices/user-management/node_modules/jest-circus/build/jestAdapterInit.js:857:11)\n    at _runTestsForDescribeBlock (/Users/rohanboddupally/Desktop/MicroServices/user-management/node_modules/jest-circus/build/jestAdapterInit.js:857:11)\n    at run (/Users/rohanboddupally/Desktop/MicroServices/user-management/node_modules/jest-circus/build/jestAdapterInit.js:761:3)\n    at runAndTransformResultsToJestFormat (/Users/rohanboddupally/Desktop/MicroServices/user-management/node_modules/jest-circus/build/jestAdapterInit.js:1918:21)\n    at jestAdapter (/Users/rohanboddupally/Desktop/MicroServices/user-management/node_modules/jest-circus/build/runner.js:101:19)\n    at runTestInternal (/Users/rohanboddupally/Desktop/MicroServices/user-management/node_modules/jest-runner/build/index.js:275:16)\n    at runTest (/Users/rohanboddupally/Desktop/MicroServices/user-management/node_modules/jest-runner/build/index.js:343:7)"],"fullName":"Login Controller verification should handle TOTP verification flow","invocations":1,"location":null,"numPassingAsserts":0,"retryReasons":[],"startAt":1761539780732,"status":"failed","title":"should handle TOTP verification flow"},{"ancestorTitles":["Login Controller","verification"],"duration":0,"failing":false,"failureDetails":[{}],"failureMessages":["TypeError: isExistingUser.mockResolvedValue is not a function\n    at Object.<anonymous> (/Users/rohanboddupally/Desktop/MicroServices/user-management/src/__tests__/controllers/login.test.js:216:22)\n    at Promise.finally.completed (/Users/rohanboddupally/Desktop/MicroServices/user-management/node_modules/jest-circus/build/jestAdapterInit.js:1557:28)\n    at new Promise (<anonymous>)\n    at callAsyncCircusFn (/Users/rohanboddupally/Desktop/MicroServices/user-management/node_modules/jest-circus/build/jestAdapterInit.js:1497:10)\n    at _callCircusTest (/Users/rohanboddupally/Desktop/MicroServices/user-management/node_modules/jest-circus/build/jestAdapterInit.js:1007:40)\n    at _runTest (/Users/rohanboddupally/Desktop/MicroServices/user-management/node_modules/jest-circus/build/jestAdapterInit.js:947:3)\n    at /Users/rohanboddupally/Desktop/MicroServices/user-management/node_modules/jest-circus/build/jestAdapterInit.js:849:7\n    at _runTestsFor
[...]
{"line":35,"column":6},"end":{"line":35,"column":85}},"20":{"start":{"line":38,"column":2},"end":{"line":68,"column":3}},"21":{"start":{"line":41,"column":21},"end":{"line":41,"column":71}},"22":{"start":{"line":42,"column":4},"end":{"line":44,"column":5}},"23":{"start":{"line":43,"column":6},"end":{"line":43,"column":67}},"24":{"start":{"line":45,"column":22},"end":{"line":45,"column":49}},"25":{"start":{"line":46,"column":22},"end":{"line":46,"column":44}},"26":{"start":{"line":47,"column":21},"end":{"line":47,"column":33}},"27":{"start":{"line":50,"column":3},"end":{"line":53,"column":6}},"28":{"start":{"line":56,"column":16},"end":{"line":56,"column":66}},"29":{"start":{"line":57,"column":4},"end":{"line":63,"column":5}},"30":{"start":{"line":58,"column":6},"end":{"line":58,"column":57}},"31":{"start":{"line":59,"column":6},"end":{"line":59,"column":59}},"32":{"start":{"line":61,"column":6},"end":{"line":61,"column":54}},"33":{"start":{"line":62,"column":6},"end":{"line":62,"column":73}},"34":{"start":{"line":64,"column":4},"end":{"line":64,"column":72}},"35":{"start":{"line":66,"column":4},"end":{"line":66,"column":19}},"36":{"start":{"line":67,"column":4},"end":{"line":67,"column":67}}},"fnMap":{"0":{"name":"(anonymous_0)","decl":{"start":{"line":8,"column":19},"end":{"line":8,"column":20}},"loc":{"start":{"line":8,"column":25},"end":{"line":10,"column":1}},"line":8},"1":{"name":"(anonymous_1)","decl":{"start":{"line":12,"column":23},"end":{"line":12,"column":24}},"loc":{"start":{"line":12,"column":59},"end":{"line":16,"column":1}},"line":12},"2":{"name":"(anonymous_2)","decl":{"start":{"line":18,"column":23},"end":{"line":18,"column":24}},"loc":{"start":{"line":18,"column":40},"end":{"line":23,"column":1}},"line":18},"3":{"name":"(anonymous_3)","decl":{"start":{"line":26,"column":15},"end":{"line":26,"column":16}},"loc":{"start":{"line":26,"column":35},"end":{"line":69,"column":1}},"line":26}},"branchMap":{"0":{"loc":{"start":{"line":32,"column":2},"end":{"line":37,"column":3}},"type":"if","locations":[{"start":{"line":32,"column":2},"end":{"line":37,"column":3}},{"start":{},"end":{}}],"line":32},"1":{"loc":{"start":{"line":34,"column":5},"end":{"line":36,"column":6}},"type":"if","locations":[{"start":{"line":34,"column":5},"end":{"line":36,"column":6}},{"start":{},"end":{}}],"line":34},"2":{"loc":{"start":{"line":42,"column":4},"end":{"line":44,"column":5}},"type":"if","locations":[{"start":{"line":42,"column":4},"end":{"line":44,"column":5}},{"start":{},"end":{}}],"line":42}},"s":{"0":1,"1":0,"2":1,"3":0,"4":0,"5":1,"6":0,"7":0,"8":0,"9":0,"10":1,"11":1,"12":1,"13":1,"14":1,"15":1,"16":1,"17":1,"18":1,"19":1,"20":0,"21":0,"22":0,"23":0,"24":0,"25":0,"26":0,"27":0,"28":0,"29":0,"30":0,"31":0,"32":0,"33":0,"34":0,"35":0,"36":0},"f":{"0":0,"1":0,"2":0,"3":1},"b":{"0":[1,0],"1":[1,0],"2":[0,0]},"inputSourceMap":null,"_coverageSchema":"1a1c01bbd47fc00a2c39e90264f33305004495a9","hash":"c608990fa3003032a8ec8524f7b6d9c089b19274"},"/Users/rohanboddupally/Desktop/MicroServices/user-management/src/controller/login.js":{"path":"/Users/rohanboddupally/Desktop/MicroServices/user-management/src/controller/login.js","statementMap":{"0":{"start":{"line":12,"column":24},"end":{"line":15,"column":2}},"1":{"start":{"line":17,"column":14},"end":{"line":26,"column":1}},"2":{"start":{"line":18,"column":4},"end":{"line":25,"column":3}},"3":{"start":{"line":19,"column":24},"end":{"line":19,"column":44}},"4":{"start":{"line":20,"column":22},"end":{"line":20,"column":44}},"5":{"start":{"line":21,"column":8},"end":{"line":21,"column":85}},"6":{"start":{"line":24,"column":4},"end":{"line":24,"column":18}},"7":{"start":{"line":29,"column":21},"end":{"line":79,"column":1}},"8":{"start":{"line":30,"column":6},"end":{"line":78,"column":7}},"9":{"start":{"line":31,"column":32},"end":{"line":31,"column":40}},"10":{"start":{"line":33,"column":23},"end":{"line":33,"column":66}},"11":{"start":{"line":34,"column":4},"end":{"line":36,"column":5}},"12":{"start":{"line":35,"column":8},"end":{"line":35,"column":83}},"13":{"start":{"line":37,"column":21},"end":{"line":37,"column":55}},"14":{"start":{"line":40,"column":4},"end":{"line":42,"column":5}},"15":{"start":{"line":41,"column":8},"end":{"line":41,"column":68}},"16":{"start":{"line":43,"column":27},"end":{"line":43,"column":75}},"17":{"start":{"line":44,"column":4},"end":{"line":46,"column":5}},"18":{"start":{"line":45,"column":8},"end":{"line":45,"column":62}},"19":{"start":{"line":47,"column":4},"end":{"line":49,"column":5}},"20":{"start":{"line":48,"column":8},"end":{"line":48,"column":96}},"21":{"start":{"line":50,"column":28},"end":{"line":50,"column":46}},"22":{"start":{"line":51,"column":4},"end":{"line":74,"column":7}},"23":{"start":{"line":52,"column":20},"end":{"line":52,"column":33}},"24":{"start":{"line":54,"column":26},"end":{"line":60,"column":8}},"25":{"start":{"line":62,"column":6},"end":{"line":62,"column":71}},"26":{"start":{"line":64,"column":6},"end":{"line":64,"column":37}},"27":{"start":{"line":65,"column":6},"end":{"line":65,"column":90}},"28":{"start":{"line":67,"column":9},"end":{"line":74,"column":7}},"29":{"start":{"line":68,"column":8},"end":{"line":68,"column":130}},"30":{"start":{"line":71,"column":8},"end":{"line":73,"column":9}},"31":{"start":{"line":72,"column":10},"end":{"line":72,"column":24}},"32":{"start":{"line":76,"column":8},"end":{"line":76,"column":22}},"33":{"start":{"line":77,"column":8},"end":{"line":77,"column":70}}},"fnMap":{"0":{"name":"(anonymous_0)","decl":{"start":{"line":17,"column":14},"end":{"line":17,"column":15}},"loc":{"start":{"line":17,"column":34},"end":{"line":26,"column":1}},"line":17},"1":{"name":"(anonymous_1)","decl":{"start":{"line":29,"column":21},"end":{"line":29,"column":22}},"loc":{"start":{"line":29,"column":43},"end":{"line":79,"column":1}},"line":29}},"branchMap":{"0":{"loc":{"start":{"line":19,"column":24},"end":{"line":19,"column":44}},"type":"binary-expr","locations":[{"start":{"line":19,"column":24},"end":{"line":19,"column":32}},{"start":{"line":19,"column":36},"end":{"line":19,"column":44}}],"line":19},"1":{"loc":{"start":{"line":34,"column":4},"end":{"line":36,"column":5}},"type":"if","locations":[{"start":{"line":34,"column":4},"end":{"line":36,"column":5}},{"start":{},"end":{}}],"line":34},"2":{"loc":{"start":{"line":40,"column":4},"end":{"line":42,"column":5}},"type":"if","locations":[{"start":{"line":40,"column":4},"end":{"line":42,"column":5}},{"start":{},"end":{}}],"line":40},"3":{"loc":{"start":{"line":44,"column":4},"end":{"line":46,"column":5}},"type":"if","locations":[{"start":{"line":44,"column":4},"end":{"line":46,"column":5}},{"start":{},"end":{}}],"line":44},"4":{"loc":{"start":{"line":47,"column":4},"end":{"line":49,"column":5}},"type":"if","locations":[{"start":{"line":47,"column":4},"end":{"line":49,"column":5}},{"start":{},"end":{}}],"line":47},"5":{"loc":{"start":{"line":51,"column":4},"end":{"line":74,"column":7}},"type":"if","locations":[{"start":{"line":51,"column":4},"end":{"line":74,"column":7}},{"start":{"line":67,"column":9},"end":{"line":74,"column":7}}],"line":51},"6":{"loc":{"start":{"line":67,"column":9},"end":{"line":74,"column":7}},"type":"if","locations":[{"start":{"line":67,"column":9},"end":{"line":74,"column":7}},{"start":{"line":70,"column":10},"end":{"line":74,"column":7}}],"line":67},"7":{"loc":{"start":{"line":71,"column":8},"end":{"line":73,"column":9}},"type":"if","locations":[{"start":{"line":71,"column":8},"end":{"line":73,"column":9}},{"start":{},"end":{}}],"line":71}},"s":{"0":1,"1":1,"2":0,"3":0,"4":0,"5":0,"6":0,"7":1,"8":2,"9":2,"10":2,"11":2,"12":2,"13":0,"14":0,"15":0,"16":0,"17":0,"18":0,"19":0,"20":0,"21":0,"22":0,"23":0,"24":0,"25":0,"26":0,"27":0,"28":0,"29":0,"30":0,"31":0,"32":0,"33":0},"f":{"0":0,"1":2},"b":{"0":[0,0],"1":[2,0],"2":[0,0],"3":[0,0],"4":[0,0],"5":[0,0],"6":[0,0],"7":[0,0]},"inputSourceMap":null,"_coverageSchema":"1a1c01bbd47fc00a2c39e90264f33305004495a9","hash":"52b8cd0d26506678b9e962f8cb08862393fc2406"},"/Users/rohanboddupally/Desktop/MicroServices/user-management/src/controller/showinvites.js":{"path":"/Users/rohanboddupally/Desktop/MicroServices/user-management/src/controller/showinvites.js","statementMap":{"0":{"start":{"line":4,"column":19},"end":{"line":10,"column":1}},"1":{"start":{"line":5,"column":28},"end":{"line":5,"column":36}},"2":{"start":{"line":6,"column":20},"end":{"line":6,"column":28}},"3":{"start":{"line":7,"column":4},"end":{"line":7,"column":36}},"4":{"start":{"line":8,"column":20},"end":{"line":8,"column":62}},"5":{"start":{"line":9,"column":4},"end":{"line":9,"column":49}}},"fnMap":{"0":{"name":"(anonymous_0)","decl":{"start":{"line":4,"column":19},"end":{"line":4,"column":20}},"loc":{"start":{"line":4,"column":36},"end":{"line":10,"column":1}},"line":4}},"branchMap":{},"s":{"0":1,"1":0,"2":0,"3":0,"4":0,"5":0},"f":{"0":0},"b":{},"inputSourceMap":null,"_coverageSchema":"1a1c01bbd47fc00a2c39e90264f33305004495a9","hash":"85a0927de419260f5b9d826e22aaa5d0110c3336"},"/Users/rohanboddupally/Desktop/MicroServices/user-management/src/middleware/inviteValidateAuthorization.js":{"path":"/Users/rohanboddupally/Desktop/MicroServices/user-management/src/middleware/inviteValidateAuthorization.js","statementMap":{"0":{"start":{"line":4,"column":30},"end":{"line":48,"column":1}},"1":{"start":{"line":5,"column":24},"end":{"line":5,"column":32}},"2":{"start":{"line":6,"column":17},"end":{"line":6,"column":31}},"3":{"start":{"line":7,"column":4},"end":{"line":9,"column":5}},"4":{"start":{"line":8,"column":8},"end":{"line":8,"column":94}},"5":{"start":{"line":10,"column":4},"end":{"line":47,"column":5}},"6":{"start":{"line":11,"column":8},"end":{"line":17,"column":9}},"7":{"start":{"line":12,"column":12},"end":{"line":12,"column":34}},"8":{"start":{"line":13,"column":12},"end":{"line":13,"column":19}},"9":{"start":{"line":16,"column":12},"end":{"line":16,"column":91}},"10":{"start":{"line":19,"column":9},"end":{"line":47,"column":5}},"11":{"start":{"line":20,"column":8},"end":{"line":26,"column":9}},"12":{"start":{"line":21,"column":12},"end":{"line":21,"column":32}},"13":{"start":{"line":22,"column":12},"end":{"line":22,"column":19}},"14":{"start":{"line":25,"column":12},"end":{"line":25,"column":91}},"15":{"start":{"line":28,"column":9},"end":{"line":47,"column":5}},"16":{"start":{"line":29,"column":8},"end":{"line":35,"column":9}},"17":{"start":{"line":30,"column":12},"end":{"line":30,"column":32}},"18":{"start":{"line":31,"column":12},"end":{"line":31,"column":19}},"19":{"start":{"line":34,"column":12},"end":{"line":34,"column":91}},"20":{"start":{"line":37,"column":9},"end":{"line":47,"column":5}},"21":{"start":{"line":38,"column":8},"end":{"line":43,"column":9}},"22":{"start":{"line":39,"column":12},"end":{"line":39,"column":32}},"23":{"start":{"line":40,"column":12},"end":{"line":40,"column":19}},"24":{"start":{"line":42,"column":12},"end":{"line":42,"column":91}},"25":{"start":{"line":45,"column":9},"end":{"line":47,"column":5}},"26":{"start":{"line":46,"column":8},"end":{"line":46,"column":87}}},"fnMap":{"0":{"name":"(anonymous_0)","decl":{"start":{"line":4,"column":30},"end":{"line":4,"column":31}},"loc":{"start":{"line":4,"column":52},"end":{"line":48,"column":1}},"line":4}},"branchMap":{"0":{"loc":{"start":{"line":6,"column":17},"end":{"line":6,"column":31}},"type":"binary-expr","locations":[{"start":{"line":6,"column":17},"end":{"line":6,"column":25}},{"start":{"line":6,"column":29},"end":{"line":6,"column":31}}],"line":6},"1":{"loc":{"start":{"line":7,"column":4},"end":{"line":9,"column":5}},"type":"if","locations":[{"start":{"line":7,"column":4},"end":{"line":9,"column":5}},{"start":{},"end":{}}],"line":7},"2":{"loc":{"start":{"line":7,"column":7},"end":{"line":7,"column":27}},"type":"binary-expr","locations":[{"start":{"line":7,"column":7},"end":{"line":7,"column":12}},{"start":{"line":7,"column":16},"end":{"line":7,"column":27}}],"line":7},"3":{"loc":{"start":{"line":10,"column":4},"end":{"line":47,"column":5}},"type":"if","locations":[{"start":{"line":10,"column":4},"end":{"line":47,"column":5}},{"start":{"line":19,"column":9},"end":{"line":47,"column":5}}],"line":10},"4":{"loc":{"start":{"line":11,"column":8},"end":{"line":17,"column":9}},"type":"if","locations":[{"start":{"line":11,"column":8},"end":{"line":17,"column":9}},{"start":{"line":15,"column":12},"end":{"line":17,"column":9}}],"line":11},"5":{"loc":{"start":{"line":11,"column":11},"end":{"line":11,"column":91}},"type":"binary-expr","locations":[{"start":{"line":11,"column":11},"end":{"line":11,"column":35}},{"start":{"line":11,"column":39},"end":{"line":11,"column":61}},{"start":{"line":11,"column":65},"end":{"line":11,"column":91}}],"line":11},"6":{"loc":{"start":{"line":19,"column":9},"end":{"line":47,"column":5}},"type":"if","locations":[{"start":{"line":19,"column":9},"end":{"line":47,"column":5}},{"start":{"line":28,"column":9},"end":{"line":47,"column":5}}],"line":19},"7":{"loc":{"start":{"line":20,"column":8},"end":{"line":26,"column":9}},"type":"if","locations":[{"start":{"line":20,"column":8},"end":{"line":26,"column":9}},{"start":{"line":24,"column":12},"end":{"line":26,"column":9}}],"line":20},"8":{"loc":{"start":{"line":20,"column":11},"end":{"line":20,"column":61}},"type":"binary-expr","locations":[{"start":{"line":20,"column":11},"end":{"line":20,"column":33}},{"start":{"line":20,"column":35},"end":{"line":20,"column":61}}],"line":20},"9":{"loc":{"start":{"line":28,"column":9},"end":{"line":47,"column":5}},"type":"if","locations":[{"start":{"line":28,"column":9},"end":{"line":47,"column":5}},{"start":{"line":37,"column":9},"end":{"line":47,"column":5}}],"line":28},"10":{"loc":{"start":{"line":29,"column":8},"end":{"line":35,"column":9}},"type":"if","locations":[{"start":{"line":29,"column":8},"end":{"line":35,"column":9}},{"start":{"line":33,"column":12},"end":{"line":35,"column":9}}],"line":29},"11":{"loc":{"start":{"line":37,"column":9},"end":{"line":47,"column":5}},"type":"if","locations":[{"start":{"line":37,"column":9},"end":{"line":47,"column":5}},{"start":{"line":45,"column":9},"end":{"line":47,"column":5}}],"line":37},"12":{"loc":{"start":{"line":38,"column":8},"end":{"line":43,"column":9}},"type":"if","locations":[{"start":{"line":38,"column":8},"end":{"line":43,"column":9}},{"start":{"line":41,"column":13},"end":{"line":43,"column":9}}],"line":38},"13":{"loc":{"start":{"line":45,"column":9},"end":{"line":47,"column":5}},"type":"if","locations":[{"start":{"line":45,"column":9},"end":{"line":47,"column":5}},{"start":{},"end":{}}],"line":45}},"s":{"0":1,"1":28,"2":28,"3":28,"4":2,"5":26,"6":5,"7":3,"8":3,"9":2,"10":21,"11":5,"12":2,"13":2,"14":3,"15":16,"16":5,"17":1,"18":1,"19":4,"20":11,"21":5,"22":1,"23":1,"24":4,"25":6,"26":5},"f":{"0":28},"b":{"0":[28,0],"1":[2,26],"2":[28,27],"3":[5,21],"4":[3,2],"5":[5,4,3],"6":[5,16],"7":[2,3],"8":[5,4],"9":[5,11],"10":[1,4],"11":[5,6],"12":[1,4],"13":[5,1]},"inputSourceMap":null,"_coverageSchema":"1a1c01bbd47fc00a2c39e90264f33305004495a9","hash":"ed853b8a53f6512838b8a3f56f8446771d9355da"},"/Users/rohanboddupally/Desktop/MicroServices/user-management/src/middleware/inviteValidatePayload.js":{"path":"/Users/rohanboddupally/Desktop/MicroServices/user-management/src/middleware/inviteValidatePayload.js","statementMap":{"0":{"start":{"line":4,"column":17},"end":{"line":4,"column":97}},"1":{"start":{"line":6,"column":18},"end":{"line":9,"column":2}},"2":{"start":{"line":11,"column":24},"end":{"line":21,"column":1}},"3":{"start":{"line":12,"column":37},"end":{"line":12,"column":45}},"4":{"start":{"line":13,"column":19},"end":{"line":13,"column":64}},"5":{"start":{"line":14,"column":6},"end":{"line":17,"column":5}},"6":{"start":{"line":15,"column":23},"end":{"line":15,"column":73}},"7":{"start":{"line":16,"column":8},"end":{"line":16,"column":48}},"8":{"start":{"line":19,"column":4},"end":{"line":19,"column":26}},"9":{"start":{"line":20,"column":4},"end":{"line":20,"column":11}}},"fnMap":{"0":{"name":"(anonymous_0)","decl":{"start":{"line":11,"column":24},"end":{"line":11,"column":25}},"loc":{"start":{"line":11,"column":46},"end":{"line":21,"column":1}},"line":11}},"branchMap":{"0":{"loc":{"start":{"line":14,"column":6},"end":{"line":17,"column":5}},"type":"if","locations":[{"start":{"line":14,"column":6},"end":{"line":17,"column":5}},{"start":{},"end":{}}],"line":14},"1":{"loc":{"start":{"line":15,"column":23},"end":{"line":15,"column":73}},"type":"binary-expr","locations":[{"start":{"line":15,"column":23},"end":{"line":15,"column":43}},{"start":{"line":15,"column":47},"end":{"line":15,"column":67}},{"start":{"line":15,"column":71},"end":{"line":15,"column":73}}],"line":15}},"s":{"0":1,"1":1,"2":1,"3":12,"4":12,"5":12,"6":5,"7":5,"8":7,"9":7},"f":{"0":12},"b":{"0":[5,7],"1":[5,0,0]},"inputSourceMap":null,"_coverageSchema":"1a1c01bbd47fc00a2c39e90264f33305004495a9","hash":"6319a72058fc777fed1a22aa3f86a177d084ece2"},"/Users/rohanboddupally/Desktop/MicroServices/user-management/src/adapters/PostgreSQLAdapter.js":{"path":"/Users/rohanboddupally/Desktop/MicroServices/user-management/src/adapters/PostgreSQLAdapter.js","statementMap":{},"fnMap":{},"branchMap":{},"s":{},"f":{},"b":{},"inputSourceMap":null},"/Users/rohanboddupally/Desktop/MicroServices/user-management/src/adapters/index.js":{"path":"/Users/rohanboddupally/Desktop/MicroServices/user-management/src/adapters/index.js","statementMap":{},"fnMap":{},"branchMap":{},"s":{},"f":{},"b":{},"inputSourceMap":null},"/Users/rohanboddupally/Desktop/MicroServices/user-management/src/db/db-connection.js":{"path":"/Users/rohanboddupally/Desktop/MicroServices/user-management/src/db/db-connection.js","statementMap":{"0":{"start":{"line":3,"column":18},"end":{"line":12,"column":1}},"1":{"start":{"line":4,"column":4},"end":{"line":11,"column":5}},"2":{"start":{"line":5,"column":20},"end":{"line":5,"column":43}},"3":{"start":{"line":6,"column":27},"end":{"line":6,"column":54}},"4":{"start":{"line":7,"column":8},"end":{"line":7,"column":35}},"5":{"start":{"line":8,"column":8},"end":{"line":8,"column":25}},"6":{"start":{"line":10,"column":8},"end":{"line":10,"column":51}}},"fnMap":{"0":{"name":"(anonymous_0)","decl":{"start":{"line":3,"column":18},"end":{"line":3,"column":19}},"loc":{"start":{"line":3,"column":28},"end":{"line":12,"column":1}},"line":3}},"branchMap":{},"s":{"0":0,"1":0,"2":0,"3":0,"4":0,"5":0,"6":0},"f":{"0":0},"b":{},"inputSourceMap":null},"/Users/rohanboddupally/Desktop/MicroServices/user-management/src/controller/revoke.js":{"path":"/Users/rohanboddupally/Desktop/MicroServices/user-management/src/controller/revoke.js","statementMap":{},"fnMap":{},"branchMap":{},"s":{},"f":{},"b":{},"inputSourceMap":null},"/Users/rohanboddupally/Desktop/MicroServices/user-management/src/router/inviteRouter.js":{"path":"/Users/rohanboddupally/Desktop/MicroServices/user-management/src/router/inviteRouter.js","statementMap":{"0":{"start":{"line":8,"column":16},"end":{"line":8,"column":32}},"1":{"start":{"line":17,"column":0},"end":{"line":17,"column":85}},"2":{"start":{"line":20,"column":0},"end":{"line":20,"column":44}}},"fnMap":{},"branchMap":{},"s":{"0":0,"1":0,"2":0},"f":{},"b":{},"inputSourceMap":null},"/Users/rohanboddupally/Desktop/MicroServices/user-management/src/router/userRouter.js":{"path":"/Users/rohanboddupally/Desktop/MicroServices/user-management/src/router/userRouter.js","statementMap":{"0":{"start":{"line":4,"column":15},"end":{"line":4,"column":31}},"1":{"start":{"line":8,"column":0},"end":{"line":8,"column":44}},"2":{"start":{"line":11,"column":0},"end":{"line":11,"column":56}},"3":{"start":{"line":15,"column":0},"end":{"line":15,"column":59}},"4":{"start":{"line":18,"column":0},"end":{"line":18,"column":34}},"5":{"start":{"line":21,"column":0},"end":{"line":21,"column":50}},"6":{"start":{"line":24,"column":0},"end":{"line":24,"column":52}}},"fnMap":{},"branchMap":{},"s":{"0":0,"1":0,"2":0,"3":0,"4":0,"5":0,"6":0},"f":{},"b":{},"inputSourceMap":null}}}
